{"C:\\Users\\Brodie\\Documents\\futureproof\\group projects\\twitter clone\\quacker\\server\\data.js": {"path":"C:\\Users\\Brodie\\Documents\\futureproof\\group projects\\twitter clone\\quacker\\server\\data.js","statementMap":{"0":{"start":{"line":1,"column":18},"end":{"line":55,"column":2}},"1":{"start":{"line":57,"column":0},"end":{"line":57,"column":27}}},"fnMap":{},"branchMap":{},"s":{"0":2,"1":2},"f":{},"b":{},"_coverageSchema":"1a1c01bbd47fc00a2c39e90264f33305004495a9","hash":"e6195b50a732459e775c3cd55bae34aef40b3661"}
,"C:\\Users\\Brodie\\Documents\\futureproof\\group projects\\twitter clone\\quacker\\server\\server.js": {"path":"C:\\Users\\Brodie\\Documents\\futureproof\\group projects\\twitter clone\\quacker\\server\\server.js","statementMap":{"0":{"start":{"line":1,"column":16},"end":{"line":1,"column":34}},"1":{"start":{"line":2,"column":12},"end":{"line":2,"column":21}},"2":{"start":{"line":3,"column":13},"end":{"line":3,"column":28}},"3":{"start":{"line":4,"column":19},"end":{"line":4,"column":41}},"4":{"start":{"line":5,"column":20},"end":{"line":5,"column":50}},"5":{"start":{"line":7,"column":11},"end":{"line":7,"column":35}},"6":{"start":{"line":9,"column":0},"end":{"line":9,"column":16}},"7":{"start":{"line":10,"column":0},"end":{"line":10,"column":23}},"8":{"start":{"line":11,"column":0},"end":{"line":11,"column":26}},"9":{"start":{"line":12,"column":0},"end":{"line":12,"column":26}},"10":{"start":{"line":14,"column":0},"end":{"line":16,"column":2}},"11":{"start":{"line":15,"column":4},"end":{"line":15,"column":58}},"12":{"start":{"line":18,"column":0},"end":{"line":18,"column":21}}},"fnMap":{"0":{"name":"(anonymous_0)","decl":{"start":{"line":14,"column":17},"end":{"line":14,"column":18}},"loc":{"start":{"line":14,"column":23},"end":{"line":16,"column":1}},"line":14}},"branchMap":{"0":{"loc":{"start":{"line":7,"column":11},"end":{"line":7,"column":35}},"type":"binary-expr","locations":[{"start":{"line":7,"column":11},"end":{"line":7,"column":27}},{"start":{"line":7,"column":31},"end":{"line":7,"column":35}}],"line":7}},"s":{"0":1,"1":1,"2":1,"3":1,"4":1,"5":1,"6":1,"7":1,"8":1,"9":1,"10":1,"11":1,"12":1},"f":{"0":1},"b":{"0":[1,1]},"_coverageSchema":"1a1c01bbd47fc00a2c39e90264f33305004495a9","hash":"da5965d85dcf9aa2da4a2b23d20e8702ca0845ff"}
,"C:\\Users\\Brodie\\Documents\\futureproof\\group projects\\twitter clone\\quacker\\server\\controllers\\posts.js": {"path":"C:\\Users\\Brodie\\Documents\\futureproof\\group projects\\twitter clone\\quacker\\server\\controllers\\posts.js","statementMap":{"0":{"start":{"line":1,"column":16},"end":{"line":1,"column":34}},"1":{"start":{"line":2,"column":15},"end":{"line":2,"column":31}},"2":{"start":{"line":3,"column":18},"end":{"line":3,"column":39}},"3":{"start":{"line":4,"column":13},"end":{"line":4,"column":39}},"4":{"start":{"line":7,"column":0},"end":{"line":10,"column":2}},"5":{"start":{"line":8,"column":2},"end":{"line":8,"column":25}},"6":{"start":{"line":9,"column":2},"end":{"line":9,"column":22}},"7":{"start":{"line":12,"column":0},"end":{"line":15,"column":2}},"8":{"start":{"line":13,"column":2},"end":{"line":13,"column":21}},"9":{"start":{"line":14,"column":2},"end":{"line":14,"column":22}},"10":{"start":{"line":17,"column":0},"end":{"line":20,"column":2}},"11":{"start":{"line":18,"column":2},"end":{"line":18,"column":49}},"12":{"start":{"line":19,"column":2},"end":{"line":19,"column":22}},"13":{"start":{"line":22,"column":0},"end":{"line":25,"column":2}},"14":{"start":{"line":23,"column":2},"end":{"line":23,"column":77}},"15":{"start":{"line":24,"column":2},"end":{"line":24,"column":22}},"16":{"start":{"line":27,"column":0},"end":{"line":30,"column":2}},"17":{"start":{"line":28,"column":2},"end":{"line":28,"column":111}},"18":{"start":{"line":29,"column":2},"end":{"line":29,"column":22}},"19":{"start":{"line":32,"column":0},"end":{"line":40,"column":2}},"20":{"start":{"line":33,"column":15},"end":{"line":33,"column":23}},"21":{"start":{"line":34,"column":18},"end":{"line":34,"column":35}},"22":{"start":{"line":35,"column":2},"end":{"line":35,"column":42}},"23":{"start":{"line":36,"column":2},"end":{"line":38,"column":4}},"24":{"start":{"line":39,"column":2},"end":{"line":39,"column":22}},"25":{"start":{"line":42,"column":0},"end":{"line":56,"column":2}},"26":{"start":{"line":43,"column":13},"end":{"line":43,"column":26}},"27":{"start":{"line":44,"column":22},"end":{"line":44,"column":30}},"28":{"start":{"line":45,"column":2},"end":{"line":45,"column":44}},"29":{"start":{"line":46,"column":2},"end":{"line":46,"column":30}},"30":{"start":{"line":47,"column":22},"end":{"line":47,"column":49}},"31":{"start":{"line":48,"column":2},"end":{"line":48,"column":26}},"32":{"start":{"line":49,"column":2},"end":{"line":49,"column":44}},"33":{"start":{"line":50,"column":2},"end":{"line":50,"column":17}},"34":{"start":{"line":51,"column":2},"end":{"line":51,"column":42}},"35":{"start":{"line":52,"column":2},"end":{"line":54,"column":4}},"36":{"start":{"line":58,"column":0},"end":{"line":71,"column":2}},"37":{"start":{"line":59,"column":13},"end":{"line":59,"column":26}},"38":{"start":{"line":60,"column":21},"end":{"line":60,"column":42}},"39":{"start":{"line":61,"column":23},"end":{"line":61,"column":31}},"40":{"start":{"line":62,"column":22},"end":{"line":62,"column":49}},"41":{"start":{"line":63,"column":2},"end":{"line":63,"column":47}},"42":{"start":{"line":64,"column":2},"end":{"line":64,"column":87}},"43":{"start":{"line":65,"column":2},"end":{"line":65,"column":65}},"44":{"start":{"line":66,"column":2},"end":{"line":66,"column":55}},"45":{"start":{"line":67,"column":2},"end":{"line":69,"column":4}},"46":{"start":{"line":70,"column":2},"end":{"line":70,"column":22}},"47":{"start":{"line":73,"column":0},"end":{"line":84,"column":2}},"48":{"start":{"line":74,"column":13},"end":{"line":74,"column":26}},"49":{"start":{"line":75,"column":20},"end":{"line":75,"column":40}},"50":{"start":{"line":76,"column":21},"end":{"line":76,"column":42}},"51":{"start":{"line":77,"column":23},"end":{"line":77,"column":31}},"52":{"start":{"line":78,"column":22},"end":{"line":78,"column":49}},"53":{"start":{"line":79,"column":2},"end":{"line":79,"column":74}},"54":{"start":{"line":83,"column":2},"end":{"line":83,"column":22}},"55":{"start":{"line":86,"column":0},"end":{"line":86,"column":24}}},"fnMap":{"0":{"name":"(anonymous_0)","decl":{"start":{"line":7,"column":16},"end":{"line":7,"column":17}},"loc":{"start":{"line":7,"column":30},"end":{"line":10,"column":1}},"line":7},"1":{"name":"(anonymous_1)","decl":{"start":{"line":12,"column":21},"end":{"line":12,"column":22}},"loc":{"start":{"line":12,"column":35},"end":{"line":15,"column":1}},"line":12},"2":{"name":"(anonymous_2)","decl":{"start":{"line":17,"column":34},"end":{"line":17,"column":35}},"loc":{"start":{"line":17,"column":48},"end":{"line":20,"column":1}},"line":17},"3":{"name":"(anonymous_3)","decl":{"start":{"line":22,"column":47},"end":{"line":22,"column":48}},"loc":{"start":{"line":22,"column":61},"end":{"line":25,"column":1}},"line":22},"4":{"name":"(anonymous_4)","decl":{"start":{"line":27,"column":67},"end":{"line":27,"column":68}},"loc":{"start":{"line":27,"column":81},"end":{"line":30,"column":1}},"line":27},"5":{"name":"(anonymous_5)","decl":{"start":{"line":32,"column":22},"end":{"line":32,"column":23}},"loc":{"start":{"line":32,"column":36},"end":{"line":40,"column":1}},"line":32},"6":{"name":"(anonymous_6)","decl":{"start":{"line":42,"column":36},"end":{"line":42,"column":37}},"loc":{"start":{"line":42,"column":50},"end":{"line":56,"column":1}},"line":42},"7":{"name":"(anonymous_7)","decl":{"start":{"line":58,"column":49},"end":{"line":58,"column":50}},"loc":{"start":{"line":58,"column":63},"end":{"line":71,"column":1}},"line":58},"8":{"name":"(anonymous_8)","decl":{"start":{"line":73,"column":69},"end":{"line":73,"column":70}},"loc":{"start":{"line":73,"column":83},"end":{"line":84,"column":1}},"line":73}},"branchMap":{},"s":{"0":1,"1":1,"2":1,"3":1,"4":1,"5":1,"6":1,"7":1,"8":2,"9":2,"10":1,"11":1,"12":1,"13":1,"14":1,"15":1,"16":1,"17":1,"18":1,"19":1,"20":1,"21":1,"22":1,"23":1,"24":1,"25":1,"26":1,"27":1,"28":1,"29":1,"30":1,"31":1,"32":1,"33":1,"34":1,"35":1,"36":1,"37":1,"38":1,"39":1,"40":1,"41":1,"42":1,"43":1,"44":1,"45":1,"46":1,"47":1,"48":1,"49":1,"50":1,"51":1,"52":1,"53":1,"54":1,"55":1},"f":{"0":1,"1":2,"2":1,"3":1,"4":1,"5":1,"6":1,"7":1,"8":1},"b":{},"_coverageSchema":"1a1c01bbd47fc00a2c39e90264f33305004495a9","hash":"d45bb01c5501d3e6fc533e4b0e5bb7b996fc434b"}
,"C:\\Users\\Brodie\\Documents\\futureproof\\group projects\\twitter clone\\quacker\\server\\models\\posts.js": {"path":"C:\\Users\\Brodie\\Documents\\futureproof\\group projects\\twitter clone\\quacker\\server\\models\\posts.js","statementMap":{"0":{"start":{"line":1,"column":18},"end":{"line":1,"column":39}},"1":{"start":{"line":2,"column":14},"end":{"line":2,"column":30}},"2":{"start":{"line":7,"column":4},"end":{"line":7,"column":21}},"3":{"start":{"line":8,"column":4},"end":{"line":8,"column":29}},"4":{"start":{"line":9,"column":4},"end":{"line":9,"column":25}},"5":{"start":{"line":10,"column":4},"end":{"line":10,"column":31}},"6":{"start":{"line":11,"column":4},"end":{"line":11,"column":23}},"7":{"start":{"line":12,"column":4},"end":{"line":12,"column":35}},"8":{"start":{"line":13,"column":4},"end":{"line":13,"column":33}},"9":{"start":{"line":14,"column":4},"end":{"line":14,"column":25}},"10":{"start":{"line":17,"column":18},"end":{"line":17,"column":57}},"11":{"start":{"line":17,"column":42},"end":{"line":17,"column":56}},"12":{"start":{"line":18,"column":4},"end":{"line":18,"column":17}},"13":{"start":{"line":22,"column":4},"end":{"line":24,"column":5}},"14":{"start":{"line":23,"column":6},"end":{"line":23,"column":45}},"15":{"start":{"line":26,"column":6},"end":{"line":26,"column":30}},"16":{"start":{"line":30,"column":24},"end":{"line":30,"column":42}},"17":{"start":{"line":31,"column":20},"end":{"line":35,"column":6}},"18":{"start":{"line":36,"column":4},"end":{"line":36,"column":28}},"19":{"start":{"line":37,"column":4},"end":{"line":37,"column":19}},"20":{"start":{"line":41,"column":26},"end":{"line":41,"column":54}},"21":{"start":{"line":42,"column":24},"end":{"line":42,"column":41}},"22":{"start":{"line":43,"column":4},"end":{"line":43,"column":28}},"23":{"start":{"line":44,"column":4},"end":{"line":44,"column":68}},"24":{"start":{"line":45,"column":4},"end":{"line":45,"column":60}},"25":{"start":{"line":49,"column":26},"end":{"line":49,"column":54}},"26":{"start":{"line":50,"column":24},"end":{"line":50,"column":41}},"27":{"start":{"line":51,"column":27},"end":{"line":51,"column":62}},"28":{"start":{"line":52,"column":4},"end":{"line":52,"column":71}},"29":{"start":{"line":56,"column":24},"end":{"line":56,"column":40}},"30":{"start":{"line":57,"column":24},"end":{"line":57,"column":40}},"31":{"start":{"line":58,"column":24},"end":{"line":58,"column":41}},"32":{"start":{"line":59,"column":4},"end":{"line":59,"column":28}},"33":{"start":{"line":60,"column":29},"end":{"line":60,"column":56}},"34":{"start":{"line":61,"column":4},"end":{"line":76,"column":6}},"35":{"start":{"line":87,"column":0},"end":{"line":87,"column":21}}},"fnMap":{"0":{"name":"(anonymous_0)","decl":{"start":{"line":6,"column":2},"end":{"line":6,"column":3}},"loc":{"start":{"line":6,"column":20},"end":{"line":15,"column":3}},"line":6},"1":{"name":"(anonymous_1)","decl":{"start":{"line":16,"column":2},"end":{"line":16,"column":3}},"loc":{"start":{"line":16,"column":19},"end":{"line":19,"column":3}},"line":16},"2":{"name":"(anonymous_2)","decl":{"start":{"line":17,"column":32},"end":{"line":17,"column":33}},"loc":{"start":{"line":17,"column":42},"end":{"line":17,"column":56}},"line":17},"3":{"name":"(anonymous_3)","decl":{"start":{"line":21,"column":2},"end":{"line":21,"column":3}},"loc":{"start":{"line":21,"column":22},"end":{"line":28,"column":3}},"line":21},"4":{"name":"(anonymous_4)","decl":{"start":{"line":29,"column":2},"end":{"line":29,"column":3}},"loc":{"start":{"line":29,"column":22},"end":{"line":38,"column":3}},"line":29},"5":{"name":"(anonymous_5)","decl":{"start":{"line":40,"column":2},"end":{"line":40,"column":3}},"loc":{"start":{"line":40,"column":44},"end":{"line":46,"column":3}},"line":40},"6":{"name":"(anonymous_6)","decl":{"start":{"line":48,"column":2},"end":{"line":48,"column":3}},"loc":{"start":{"line":48,"column":62},"end":{"line":53,"column":3}},"line":48},"7":{"name":"(anonymous_7)","decl":{"start":{"line":55,"column":2},"end":{"line":55,"column":3}},"loc":{"start":{"line":55,"column":30},"end":{"line":77,"column":3}},"line":55}},"branchMap":{"0":{"loc":{"start":{"line":22,"column":4},"end":{"line":24,"column":5}},"type":"if","locations":[{"start":{"line":22,"column":4},"end":{"line":24,"column":5}},{"start":{"line":22,"column":4},"end":{"line":24,"column":5}}],"line":22}},"s":{"0":2,"1":2,"2":11,"3":11,"4":11,"5":11,"6":11,"7":11,"8":11,"9":11,"10":1,"11":3,"12":1,"13":5,"14":1,"15":4,"16":5,"17":5,"18":5,"19":5,"20":2,"21":2,"22":2,"23":2,"24":2,"25":2,"26":2,"27":2,"28":2,"29":2,"30":2,"31":2,"32":2,"33":2,"34":2,"35":2},"f":{"0":11,"1":1,"2":3,"3":5,"4":5,"5":2,"6":2,"7":2},"b":{"0":[1,4]},"_coverageSchema":"1a1c01bbd47fc00a2c39e90264f33305004495a9","hash":"6580d8a2b55c3c44cf340528943f8a23df524b72"}
}
