{"C:\\Users\\Brodie\\Documents\\futureproof\\group projects\\twitter clone\\quacker\\client\\scripts\\newScript.js": {"path":"C:\\Users\\Brodie\\Documents\\futureproof\\group projects\\twitter clone\\quacker\\client\\scripts\\newScript.js","statementMap":{"0":{"start":{"line":2,"column":16},"end":{"line":2,"column":49}},"1":{"start":{"line":3,"column":19},"end":{"line":3,"column":55}},"2":{"start":{"line":4,"column":28},"end":{"line":4,"column":73}},"3":{"start":{"line":5,"column":12},"end":{"line":5,"column":36}},"4":{"start":{"line":6,"column":19},"end":{"line":6,"column":57}},"5":{"start":{"line":7,"column":0},"end":{"line":7,"column":27}},"6":{"start":{"line":9,"column":24},"end":{"line":9,"column":40}},"7":{"start":{"line":10,"column":21},"end":{"line":10,"column":57}},"8":{"start":{"line":11,"column":20},"end":{"line":11,"column":56}},"9":{"start":{"line":12,"column":17},"end":{"line":12,"column":50}},"10":{"start":{"line":13,"column":27},"end":{"line":13,"column":73}},"11":{"start":{"line":14,"column":16},"end":{"line":14,"column":50}},"12":{"start":{"line":15,"column":15},"end":{"line":15,"column":48}},"13":{"start":{"line":16,"column":17},"end":{"line":16,"column":55}},"14":{"start":{"line":17,"column":13},"end":{"line":17,"column":44}},"15":{"start":{"line":18,"column":24},"end":{"line":18,"column":57}},"16":{"start":{"line":19,"column":18},"end":{"line":19,"column":57}},"17":{"start":{"line":21,"column":22},"end":{"line":21,"column":27}},"18":{"start":{"line":24,"column":0},"end":{"line":24,"column":57}},"19":{"start":{"line":24,"column":40},"end":{"line":24,"column":55}},"20":{"start":{"line":25,"column":0},"end":{"line":25,"column":58}},"21":{"start":{"line":25,"column":45},"end":{"line":25,"column":56}},"22":{"start":{"line":26,"column":0},"end":{"line":26,"column":59}},"23":{"start":{"line":26,"column":46},"end":{"line":26,"column":57}},"24":{"start":{"line":27,"column":0},"end":{"line":27,"column":58}},"25":{"start":{"line":27,"column":43},"end":{"line":27,"column":56}},"26":{"start":{"line":28,"column":0},"end":{"line":28,"column":72}},"27":{"start":{"line":28,"column":52},"end":{"line":28,"column":70}},"28":{"start":{"line":29,"column":0},"end":{"line":29,"column":59}},"29":{"start":{"line":29,"column":44},"end":{"line":29,"column":57}},"30":{"start":{"line":30,"column":0},"end":{"line":30,"column":57}},"31":{"start":{"line":30,"column":42},"end":{"line":30,"column":55}},"32":{"start":{"line":31,"column":0},"end":{"line":31,"column":60}},"33":{"start":{"line":31,"column":41},"end":{"line":31,"column":58}},"34":{"start":{"line":36,"column":0},"end":{"line":36,"column":13}},"35":{"start":{"line":41,"column":4},"end":{"line":41,"column":11}},"36":{"start":{"line":42,"column":4},"end":{"line":42,"column":19}},"37":{"start":{"line":43,"column":4},"end":{"line":43,"column":23}},"38":{"start":{"line":44,"column":4},"end":{"line":44,"column":27}},"39":{"start":{"line":45,"column":4},"end":{"line":45,"column":24}},"40":{"start":{"line":46,"column":4},"end":{"line":46,"column":23}},"41":{"start":{"line":52,"column":4},"end":{"line":62,"column":5}},"42":{"start":{"line":53,"column":23},"end":{"line":53,"column":72}},"43":{"start":{"line":54,"column":8},"end":{"line":54,"column":29}},"44":{"start":{"line":56,"column":8},"end":{"line":58,"column":10}},"45":{"start":{"line":59,"column":8},"end":{"line":61,"column":10}},"46":{"start":{"line":66,"column":22},"end":{"line":66,"column":57}},"47":{"start":{"line":67,"column":4},"end":{"line":67,"column":60}},"48":{"start":{"line":71,"column":22},"end":{"line":71,"column":57}},"49":{"start":{"line":72,"column":4},"end":{"line":72,"column":63}},"50":{"start":{"line":76,"column":4},"end":{"line":76,"column":31}},"51":{"start":{"line":77,"column":4},"end":{"line":77,"column":39}},"52":{"start":{"line":78,"column":4},"end":{"line":78,"column":52}},"53":{"start":{"line":82,"column":4},"end":{"line":82,"column":47}},"54":{"start":{"line":83,"column":4},"end":{"line":83,"column":17}},"55":{"start":{"line":87,"column":4},"end":{"line":87,"column":33}},"56":{"start":{"line":88,"column":4},"end":{"line":88,"column":17}},"57":{"start":{"line":92,"column":4},"end":{"line":92,"column":33}},"58":{"start":{"line":93,"column":4},"end":{"line":93,"column":63}},"59":{"start":{"line":97,"column":4},"end":{"line":97,"column":48}},"60":{"start":{"line":101,"column":18},"end":{"line":101,"column":78}},"61":{"start":{"line":102,"column":22},"end":{"line":102,"column":40}},"62":{"start":{"line":103,"column":4},"end":{"line":103,"column":21}},"63":{"start":{"line":108,"column":17},"end":{"line":108,"column":18}},"64":{"start":{"line":109,"column":22},"end":{"line":109,"column":25}},"65":{"start":{"line":111,"column":27},"end":{"line":111,"column":69}},"66":{"start":{"line":112,"column":4},"end":{"line":121,"column":7}},"67":{"start":{"line":113,"column":8},"end":{"line":113,"column":35}},"68":{"start":{"line":114,"column":8},"end":{"line":120,"column":9}},"69":{"start":{"line":115,"column":12},"end":{"line":115,"column":25}},"70":{"start":{"line":116,"column":15},"end":{"line":120,"column":9}},"71":{"start":{"line":117,"column":12},"end":{"line":117,"column":86}},"72":{"start":{"line":119,"column":12},"end":{"line":119,"column":77}},"73":{"start":{"line":125,"column":27},"end":{"line":125,"column":63}},"74":{"start":{"line":126,"column":4},"end":{"line":126,"column":46}},"75":{"start":{"line":127,"column":4},"end":{"line":127,"column":59}},"76":{"start":{"line":134,"column":24},"end":{"line":134,"column":39}},"77":{"start":{"line":135,"column":22},"end":{"line":135,"column":42}},"78":{"start":{"line":136,"column":4},"end":{"line":136,"column":43}},"79":{"start":{"line":140,"column":24},"end":{"line":140,"column":39}},"80":{"start":{"line":141,"column":4},"end":{"line":143,"column":5}},"81":{"start":{"line":142,"column":8},"end":{"line":142,"column":21}},"82":{"start":{"line":144,"column":4},"end":{"line":149,"column":5}},"83":{"start":{"line":144,"column":17},"end":{"line":144,"column":18}},"84":{"start":{"line":145,"column":26},"end":{"line":145,"column":58}},"85":{"start":{"line":146,"column":8},"end":{"line":148,"column":9}},"86":{"start":{"line":147,"column":12},"end":{"line":147,"column":24}},"87":{"start":{"line":155,"column":17},"end":{"line":155,"column":18}},"88":{"start":{"line":156,"column":4},"end":{"line":158,"column":5}},"89":{"start":{"line":156,"column":17},"end":{"line":156,"column":18}},"90":{"start":{"line":157,"column":8},"end":{"line":157,"column":39}},"91":{"start":{"line":160,"column":17},"end":{"line":160,"column":18}},"92":{"start":{"line":161,"column":4},"end":{"line":163,"column":5}},"93":{"start":{"line":161,"column":17},"end":{"line":161,"column":18}},"94":{"start":{"line":162,"column":8},"end":{"line":162,"column":39}},"95":{"start":{"line":165,"column":4},"end":{"line":165,"column":27}},"96":{"start":{"line":169,"column":4},"end":{"line":172,"column":6}},"97":{"start":{"line":180,"column":24},"end":{"line":180,"column":31}},"98":{"start":{"line":181,"column":22},"end":{"line":181,"column":28}},"99":{"start":{"line":182,"column":22},"end":{"line":182,"column":28}},"100":{"start":{"line":183,"column":18},"end":{"line":183,"column":45}},"101":{"start":{"line":184,"column":18},"end":{"line":184,"column":45}},"102":{"start":{"line":185,"column":17},"end":{"line":185,"column":18}},"103":{"start":{"line":186,"column":17},"end":{"line":186,"column":18}},"104":{"start":{"line":187,"column":4},"end":{"line":189,"column":5}},"105":{"start":{"line":187,"column":17},"end":{"line":187,"column":18}},"106":{"start":{"line":188,"column":8},"end":{"line":188,"column":39}},"107":{"start":{"line":190,"column":4},"end":{"line":192,"column":5}},"108":{"start":{"line":190,"column":17},"end":{"line":190,"column":18}},"109":{"start":{"line":191,"column":8},"end":{"line":191,"column":39}},"110":{"start":{"line":193,"column":19},"end":{"line":193,"column":33}},"111":{"start":{"line":194,"column":19},"end":{"line":194,"column":33}},"112":{"start":{"line":195,"column":4},"end":{"line":195,"column":27}},"113":{"start":{"line":200,"column":18},"end":{"line":200,"column":78}},"114":{"start":{"line":202,"column":20},"end":{"line":202,"column":38}},"115":{"start":{"line":206,"column":19},"end":{"line":206,"column":32}},"116":{"start":{"line":207,"column":21},"end":{"line":207,"column":50}},"117":{"start":{"line":209,"column":19},"end":{"line":209,"column":56}},"118":{"start":{"line":210,"column":4},"end":{"line":210,"column":24}},"119":{"start":{"line":216,"column":4},"end":{"line":224,"column":5}},"120":{"start":{"line":219,"column":23},"end":{"line":219,"column":25}},"121":{"start":{"line":220,"column":8},"end":{"line":220,"column":54}},"122":{"start":{"line":221,"column":8},"end":{"line":221,"column":67}},"123":{"start":{"line":222,"column":8},"end":{"line":222,"column":60}},"124":{"start":{"line":222,"column":42},"end":{"line":222,"column":58}},"125":{"start":{"line":223,"column":8},"end":{"line":223,"column":29}},"126":{"start":{"line":229,"column":4},"end":{"line":231,"column":5}},"127":{"start":{"line":230,"column":8},"end":{"line":230,"column":56}},"128":{"start":{"line":230,"column":33},"end":{"line":230,"column":54}},"129":{"start":{"line":235,"column":4},"end":{"line":237,"column":5}},"130":{"start":{"line":236,"column":8},"end":{"line":236,"column":46}},"131":{"start":{"line":240,"column":4},"end":{"line":242,"column":5}},"132":{"start":{"line":241,"column":8},"end":{"line":241,"column":55}},"133":{"start":{"line":241,"column":33},"end":{"line":241,"column":53}},"134":{"start":{"line":244,"column":20},"end":{"line":244,"column":64}},"135":{"start":{"line":245,"column":4},"end":{"line":245,"column":27}},"136":{"start":{"line":246,"column":4},"end":{"line":427,"column":5}},"137":{"start":{"line":246,"column":17},"end":{"line":246,"column":37}},"138":{"start":{"line":249,"column":24},"end":{"line":249,"column":53}},"139":{"start":{"line":250,"column":29},"end":{"line":250,"column":57}},"140":{"start":{"line":251,"column":30},"end":{"line":251,"column":58}},"141":{"start":{"line":252,"column":28},"end":{"line":252,"column":57}},"142":{"start":{"line":253,"column":29},"end":{"line":253,"column":58}},"143":{"start":{"line":254,"column":27},"end":{"line":254,"column":56}},"144":{"start":{"line":255,"column":28},"end":{"line":255,"column":55}},"145":{"start":{"line":256,"column":36},"end":{"line":256,"column":65}},"146":{"start":{"line":257,"column":33},"end":{"line":257,"column":62}},"147":{"start":{"line":258,"column":32},"end":{"line":258,"column":61}},"148":{"start":{"line":262,"column":8},"end":{"line":262,"column":42}},"149":{"start":{"line":263,"column":8},"end":{"line":263,"column":40}},"150":{"start":{"line":264,"column":8},"end":{"line":264,"column":41}},"151":{"start":{"line":265,"column":8},"end":{"line":265,"column":46}},"152":{"start":{"line":266,"column":8},"end":{"line":266,"column":47}},"153":{"start":{"line":267,"column":8},"end":{"line":267,"column":45}},"154":{"start":{"line":268,"column":8},"end":{"line":268,"column":49}},"155":{"start":{"line":269,"column":8},"end":{"line":269,"column":53}},"156":{"start":{"line":270,"column":8},"end":{"line":270,"column":37}},"157":{"start":{"line":274,"column":8},"end":{"line":274,"column":54}},"158":{"start":{"line":275,"column":8},"end":{"line":275,"column":70}},"159":{"start":{"line":276,"column":8},"end":{"line":276,"column":84}},"160":{"start":{"line":277,"column":8},"end":{"line":277,"column":47}},"161":{"start":{"line":279,"column":8},"end":{"line":279,"column":55}},"162":{"start":{"line":280,"column":8},"end":{"line":280,"column":51}},"163":{"start":{"line":281,"column":8},"end":{"line":281,"column":49}},"164":{"start":{"line":282,"column":8},"end":{"line":282,"column":75}},"165":{"start":{"line":283,"column":8},"end":{"line":283,"column":52}},"166":{"start":{"line":284,"column":8},"end":{"line":284,"column":68}},"167":{"start":{"line":285,"column":8},"end":{"line":285,"column":62}},"168":{"start":{"line":286,"column":8},"end":{"line":286,"column":55}},"169":{"start":{"line":290,"column":28},"end":{"line":290,"column":72}},"170":{"start":{"line":291,"column":8},"end":{"line":291,"column":61}},"171":{"start":{"line":292,"column":8},"end":{"line":292,"column":84}},"172":{"start":{"line":293,"column":8},"end":{"line":293,"column":71}},"173":{"start":{"line":297,"column":8},"end":{"line":316,"column":9}},"174":{"start":{"line":297,"column":21},"end":{"line":297,"column":22}},"175":{"start":{"line":298,"column":35},"end":{"line":298,"column":67}},"176":{"start":{"line":299,"column":41},"end":{"line":299,"column":72}},"177":{"start":{"line":300,"column":12},"end":{"line":304,"column":14}},"178":{"start":{"line":306,"column":12},"end":{"line":306,"column":58}},"179":{"start":{"line":307,"column":12},"end":{"line":310,"column":14}},"180":{"start":{"line":311,"column":12},"end":{"line":311,"column":72}},"181":{"start":{"line":312,"column":12},"end":{"line":312,"column":68}},"182":{"start":{"line":313,"column":12},"end":{"line":313,"column":80}},"183":{"start":{"line":314,"column":12},"end":{"line":314,"column":89}},"184":{"start":{"line":315,"column":12},"end":{"line":315,"column":51}},"185":{"start":{"line":322,"column":32},"end":{"line":322,"column":59}},"186":{"start":{"line":323,"column":8},"end":{"line":323,"column":74}},"187":{"start":{"line":324,"column":8},"end":{"line":324,"column":57}},"188":{"start":{"line":325,"column":8},"end":{"line":325,"column":69}},"189":{"start":{"line":328,"column":33},"end":{"line":328,"column":60}},"190":{"start":{"line":329,"column":8},"end":{"line":329,"column":72}},"191":{"start":{"line":330,"column":8},"end":{"line":330,"column":58}},"192":{"start":{"line":331,"column":8},"end":{"line":331,"column":70}},"193":{"start":{"line":334,"column":26},"end":{"line":334,"column":53}},"194":{"start":{"line":335,"column":8},"end":{"line":335,"column":62}},"195":{"start":{"line":336,"column":8},"end":{"line":336,"column":51}},"196":{"start":{"line":337,"column":8},"end":{"line":337,"column":45}},"197":{"start":{"line":340,"column":27},"end":{"line":340,"column":56}},"198":{"start":{"line":341,"column":8},"end":{"line":341,"column":62}},"199":{"start":{"line":342,"column":8},"end":{"line":342,"column":40}},"200":{"start":{"line":345,"column":30},"end":{"line":345,"column":58}},"201":{"start":{"line":346,"column":8},"end":{"line":346,"column":47}},"202":{"start":{"line":347,"column":8},"end":{"line":347,"column":46}},"203":{"start":{"line":350,"column":27},"end":{"line":350,"column":58}},"204":{"start":{"line":351,"column":8},"end":{"line":351,"column":48}},"205":{"start":{"line":352,"column":8},"end":{"line":352,"column":66}},"206":{"start":{"line":353,"column":8},"end":{"line":353,"column":72}},"207":{"start":{"line":354,"column":8},"end":{"line":354,"column":60}},"208":{"start":{"line":355,"column":8},"end":{"line":355,"column":43}},"209":{"start":{"line":358,"column":30},"end":{"line":358,"column":61}},"210":{"start":{"line":359,"column":8},"end":{"line":359,"column":53}},"211":{"start":{"line":360,"column":8},"end":{"line":360,"column":62}},"212":{"start":{"line":361,"column":8},"end":{"line":361,"column":78}},"213":{"start":{"line":362,"column":8},"end":{"line":362,"column":64}},"214":{"start":{"line":363,"column":8},"end":{"line":363,"column":46}},"215":{"start":{"line":364,"column":8},"end":{"line":364,"column":67}},"216":{"start":{"line":367,"column":8},"end":{"line":426,"column":9}},"217":{"start":{"line":368,"column":12},"end":{"line":420,"column":13}},"218":{"start":{"line":368,"column":25},"end":{"line":368,"column":26}},"219":{"start":{"line":369,"column":36},"end":{"line":369,"column":65}},"220":{"start":{"line":370,"column":16},"end":{"line":370,"column":50}},"221":{"start":{"line":371,"column":40},"end":{"line":371,"column":69}},"222":{"start":{"line":372,"column":16},"end":{"line":372,"column":59}},"223":{"start":{"line":373,"column":36},"end":{"line":373,"column":63}},"224":{"start":{"line":374,"column":16},"end":{"line":374,"column":57}},"225":{"start":{"line":375,"column":38},"end":{"line":375,"column":65}},"226":{"start":{"line":376,"column":16},"end":{"line":376,"column":59}},"227":{"start":{"line":377,"column":36},"end":{"line":377,"column":63}},"228":{"start":{"line":378,"column":16},"end":{"line":378,"column":70}},"229":{"start":{"line":379,"column":46},"end":{"line":379,"column":75}},"230":{"start":{"line":380,"column":16},"end":{"line":380,"column":69}},"231":{"start":{"line":381,"column":16},"end":{"line":381,"column":72}},"232":{"start":{"line":382,"column":16},"end":{"line":382,"column":92}},"233":{"start":{"line":383,"column":16},"end":{"line":383,"column":84}},"234":{"start":{"line":384,"column":16},"end":{"line":384,"column":57}},"235":{"start":{"line":385,"column":16},"end":{"line":385,"column":57}},"236":{"start":{"line":386,"column":16},"end":{"line":386,"column":59}},"237":{"start":{"line":387,"column":16},"end":{"line":387,"column":57}},"238":{"start":{"line":388,"column":16},"end":{"line":388,"column":67}},"239":{"start":{"line":389,"column":16},"end":{"line":389,"column":52}},"240":{"start":{"line":390,"column":16},"end":{"line":419,"column":17}},"241":{"start":{"line":390,"column":29},"end":{"line":390,"column":30}},"242":{"start":{"line":391,"column":50},"end":{"line":391,"column":82}},"243":{"start":{"line":393,"column":24},"end":{"line":393,"column":67}},"244":{"start":{"line":395,"column":20},"end":{"line":400,"column":22}},"245":{"start":{"line":402,"column":20},"end":{"line":402,"column":73}},"246":{"start":{"line":403,"column":20},"end":{"line":406,"column":22}},"247":{"start":{"line":407,"column":20},"end":{"line":407,"column":87}},"248":{"start":{"line":408,"column":20},"end":{"line":411,"column":22}},"249":{"start":{"line":412,"column":20},"end":{"line":412,"column":83}},"250":{"start":{"line":413,"column":20},"end":{"line":416,"column":22}},"251":{"start":{"line":417,"column":20},"end":{"line":417,"column":111}},"252":{"start":{"line":418,"column":20},"end":{"line":418,"column":72}},"253":{"start":{"line":422,"column":34},"end":{"line":422,"column":61}},"254":{"start":{"line":423,"column":12},"end":{"line":423,"column":60}},"255":{"start":{"line":424,"column":12},"end":{"line":424,"column":71}},"256":{"start":{"line":425,"column":12},"end":{"line":425,"column":50}},"257":{"start":{"line":433,"column":4},"end":{"line":459,"column":5}},"258":{"start":{"line":434,"column":23},"end":{"line":434,"column":67}},"259":{"start":{"line":435,"column":24},"end":{"line":435,"column":41}},"260":{"start":{"line":436,"column":29},"end":{"line":436,"column":52}},"261":{"start":{"line":437,"column":8},"end":{"line":437,"column":61}},"262":{"start":{"line":438,"column":32},"end":{"line":438,"column":58}},"263":{"start":{"line":439,"column":8},"end":{"line":439,"column":50}},"264":{"start":{"line":441,"column":31},"end":{"line":441,"column":66}},"265":{"start":{"line":442,"column":8},"end":{"line":442,"column":49}},"266":{"start":{"line":443,"column":8},"end":{"line":443,"column":31}},"267":{"start":{"line":448,"column":8},"end":{"line":448,"column":56}},"268":{"start":{"line":448,"column":33},"end":{"line":448,"column":54}},"269":{"start":{"line":449,"column":26},"end":{"line":449,"column":41}},"270":{"start":{"line":450,"column":27},"end":{"line":450,"column":79}},"271":{"start":{"line":451,"column":29},"end":{"line":451,"column":49}},"272":{"start":{"line":452,"column":8},"end":{"line":452,"column":61}},"273":{"start":{"line":453,"column":32},"end":{"line":453,"column":58}},"274":{"start":{"line":454,"column":8},"end":{"line":454,"column":50}},"275":{"start":{"line":457,"column":31},"end":{"line":457,"column":66}},"276":{"start":{"line":458,"column":8},"end":{"line":458,"column":49}},"277":{"start":{"line":463,"column":23},"end":{"line":463,"column":71}},"278":{"start":{"line":465,"column":24},"end":{"line":465,"column":40}},"279":{"start":{"line":466,"column":24},"end":{"line":466,"column":31}},"280":{"start":{"line":468,"column":4},"end":{"line":472,"column":5}},"281":{"start":{"line":469,"column":8},"end":{"line":469,"column":67}},"282":{"start":{"line":471,"column":8},"end":{"line":471,"column":52}},"283":{"start":{"line":474,"column":15},"end":{"line":474,"column":21}},"284":{"start":{"line":476,"column":23},"end":{"line":488,"column":38}},"285":{"start":{"line":488,"column":25},"end":{"line":488,"column":37}},"286":{"start":{"line":492,"column":24},"end":{"line":502,"column":38}},"287":{"start":{"line":502,"column":25},"end":{"line":502,"column":37}},"288":{"start":{"line":511,"column":24},"end":{"line":521,"column":38}},"289":{"start":{"line":521,"column":25},"end":{"line":521,"column":37}},"290":{"start":{"line":525,"column":10},"end":{"line":525,"column":43}},"291":{"start":{"line":526,"column":13},"end":{"line":526,"column":47}},"292":{"start":{"line":529,"column":0},"end":{"line":529,"column":58}},"293":{"start":{"line":532,"column":4},"end":{"line":564,"column":7}},"294":{"start":{"line":533,"column":8},"end":{"line":533,"column":28}},"295":{"start":{"line":534,"column":8},"end":{"line":534,"column":24}},"296":{"start":{"line":535,"column":18},"end":{"line":535,"column":86}},"297":{"start":{"line":536,"column":18},"end":{"line":536,"column":64}},"298":{"start":{"line":537,"column":8},"end":{"line":537,"column":30}},"299":{"start":{"line":538,"column":18},"end":{"line":538,"column":48}},"300":{"start":{"line":540,"column":8},"end":{"line":542,"column":9}},"301":{"start":{"line":541,"column":12},"end":{"line":541,"column":21}},"302":{"start":{"line":544,"column":8},"end":{"line":563,"column":15}},"303":{"start":{"line":545,"column":32},"end":{"line":545,"column":47}},"304":{"start":{"line":547,"column":16},"end":{"line":547,"column":45}},"305":{"start":{"line":549,"column":26},"end":{"line":549,"column":55}},"306":{"start":{"line":550,"column":25},"end":{"line":550,"column":61}},"307":{"start":{"line":551,"column":16},"end":{"line":551,"column":65}},"308":{"start":{"line":552,"column":16},"end":{"line":552,"column":48}},"309":{"start":{"line":553,"column":16},"end":{"line":553,"column":55}},"310":{"start":{"line":554,"column":16},"end":{"line":554,"column":37}},"311":{"start":{"line":555,"column":16},"end":{"line":555,"column":36}},"312":{"start":{"line":556,"column":16},"end":{"line":556,"column":53}},"313":{"start":{"line":557,"column":16},"end":{"line":557,"column":61}},"314":{"start":{"line":559,"column":16},"end":{"line":559,"column":31}},"315":{"start":{"line":562,"column":16},"end":{"line":562,"column":35}},"316":{"start":{"line":567,"column":0},"end":{"line":567,"column":52}},"317":{"start":{"line":570,"column":4},"end":{"line":590,"column":7}},"318":{"start":{"line":571,"column":8},"end":{"line":571,"column":28}},"319":{"start":{"line":572,"column":18},"end":{"line":572,"column":86}},"320":{"start":{"line":573,"column":18},"end":{"line":573,"column":64}},"321":{"start":{"line":574,"column":8},"end":{"line":574,"column":30}},"322":{"start":{"line":576,"column":8},"end":{"line":589,"column":15}},"323":{"start":{"line":577,"column":32},"end":{"line":577,"column":47}},"324":{"start":{"line":579,"column":26},"end":{"line":579,"column":58}},"325":{"start":{"line":580,"column":26},"end":{"line":580,"column":55}},"326":{"start":{"line":582,"column":16},"end":{"line":582,"column":63}},"327":{"start":{"line":583,"column":16},"end":{"line":583,"column":48}},"328":{"start":{"line":584,"column":16},"end":{"line":585,"column":57}},"329":{"start":{"line":588,"column":16},"end":{"line":588,"column":35}},"330":{"start":{"line":594,"column":4},"end":{"line":594,"column":23}},"331":{"start":{"line":598,"column":4},"end":{"line":598,"column":23}},"332":{"start":{"line":600,"column":19},"end":{"line":600,"column":32}},"333":{"start":{"line":601,"column":21},"end":{"line":601,"column":50}},"334":{"start":{"line":603,"column":19},"end":{"line":603,"column":56}},"335":{"start":{"line":606,"column":22},"end":{"line":606,"column":57}},"336":{"start":{"line":607,"column":4},"end":{"line":607,"column":56}},"337":{"start":{"line":608,"column":21},"end":{"line":608,"column":59}},"338":{"start":{"line":609,"column":21},"end":{"line":609,"column":35}},"339":{"start":{"line":610,"column":4},"end":{"line":616,"column":5}},"340":{"start":{"line":611,"column":8},"end":{"line":611,"column":77}},"341":{"start":{"line":612,"column":8},"end":{"line":612,"column":24}},"342":{"start":{"line":615,"column":8},"end":{"line":615,"column":52}},"343":{"start":{"line":617,"column":25},"end":{"line":617,"column":58}},"344":{"start":{"line":618,"column":20},"end":{"line":618,"column":54}},"345":{"start":{"line":619,"column":27},"end":{"line":619,"column":63}},"346":{"start":{"line":621,"column":19},"end":{"line":621,"column":37}},"347":{"start":{"line":622,"column":21},"end":{"line":622,"column":41}},"348":{"start":{"line":623,"column":4},"end":{"line":623,"column":48}},"349":{"start":{"line":624,"column":4},"end":{"line":633,"column":5}},"350":{"start":{"line":625,"column":8},"end":{"line":625,"column":38}},"351":{"start":{"line":626,"column":8},"end":{"line":626,"column":32}},"352":{"start":{"line":627,"column":8},"end":{"line":630,"column":10}},"353":{"start":{"line":631,"column":8},"end":{"line":631,"column":24}},"354":{"start":{"line":632,"column":8},"end":{"line":632,"column":15}},"355":{"start":{"line":634,"column":4},"end":{"line":634,"column":30}},"356":{"start":{"line":635,"column":4},"end":{"line":635,"column":28}},"357":{"start":{"line":637,"column":4},"end":{"line":639,"column":5}},"358":{"start":{"line":638,"column":8},"end":{"line":638,"column":50}},"359":{"start":{"line":640,"column":4},"end":{"line":642,"column":5}},"360":{"start":{"line":641,"column":8},"end":{"line":641,"column":43}},"361":{"start":{"line":644,"column":4},"end":{"line":644,"column":20}},"362":{"start":{"line":645,"column":4},"end":{"line":645,"column":24}},"363":{"start":{"line":646,"column":21},"end":{"line":646,"column":34}},"364":{"start":{"line":647,"column":20},"end":{"line":676,"column":6}},"365":{"start":{"line":675,"column":8},"end":{"line":675,"column":21}},"366":{"start":{"line":682,"column":31},"end":{"line":682,"column":80}},"367":{"start":{"line":683,"column":4},"end":{"line":698,"column":13}},"368":{"start":{"line":684,"column":31},"end":{"line":684,"column":61}},"369":{"start":{"line":686,"column":23},"end":{"line":686,"column":36}},"370":{"start":{"line":687,"column":25},"end":{"line":687,"column":54}},"371":{"start":{"line":689,"column":23},"end":{"line":689,"column":60}},"372":{"start":{"line":690,"column":8},"end":{"line":697,"column":9}},"373":{"start":{"line":690,"column":21},"end":{"line":690,"column":22}},"374":{"start":{"line":691,"column":12},"end":{"line":696,"column":15}},"375":{"start":{"line":692,"column":16},"end":{"line":692,"column":34}},"376":{"start":{"line":693,"column":16},"end":{"line":693,"column":39}},"377":{"start":{"line":694,"column":31},"end":{"line":694,"column":58}},"378":{"start":{"line":695,"column":16},"end":{"line":695,"column":43}},"379":{"start":{"line":702,"column":26},"end":{"line":702,"column":76}},"380":{"start":{"line":703,"column":33},"end":{"line":705,"column":5}},"381":{"start":{"line":706,"column":4},"end":{"line":750,"column":13}},"382":{"start":{"line":707,"column":35},"end":{"line":707,"column":60}},"383":{"start":{"line":708,"column":42},"end":{"line":708,"column":74}},"384":{"start":{"line":709,"column":8},"end":{"line":728,"column":9}},"385":{"start":{"line":709,"column":21},"end":{"line":709,"column":22}},"386":{"start":{"line":710,"column":12},"end":{"line":727,"column":14}},"387":{"start":{"line":713,"column":20},"end":{"line":713,"column":38}},"388":{"start":{"line":714,"column":35},"end":{"line":714,"column":62}},"389":{"start":{"line":715,"column":39},"end":{"line":715,"column":72}},"390":{"start":{"line":716,"column":42},"end":{"line":716,"column":77}},"391":{"start":{"line":717,"column":20},"end":{"line":717,"column":72}},"392":{"start":{"line":719,"column":41},"end":{"line":719,"column":57}},"393":{"start":{"line":720,"column":39},"end":{"line":720,"column":62}},"394":{"start":{"line":721,"column":20},"end":{"line":721,"column":89}},"395":{"start":{"line":722,"column":20},"end":{"line":722,"column":65}},"396":{"start":{"line":723,"column":20},"end":{"line":723,"column":46}},"397":{"start":{"line":729,"column":8},"end":{"line":749,"column":9}},"398":{"start":{"line":729,"column":21},"end":{"line":729,"column":22}},"399":{"start":{"line":730,"column":12},"end":{"line":748,"column":14}},"400":{"start":{"line":733,"column":20},"end":{"line":733,"column":38}},"401":{"start":{"line":734,"column":35},"end":{"line":734,"column":62}},"402":{"start":{"line":735,"column":38},"end":{"line":735,"column":73}},"403":{"start":{"line":736,"column":39},"end":{"line":736,"column":72}},"404":{"start":{"line":737,"column":42},"end":{"line":737,"column":77}},"405":{"start":{"line":738,"column":20},"end":{"line":738,"column":90}},"406":{"start":{"line":740,"column":41},"end":{"line":740,"column":57}},"407":{"start":{"line":741,"column":39},"end":{"line":741,"column":62}},"408":{"start":{"line":742,"column":20},"end":{"line":742,"column":89}},"409":{"start":{"line":743,"column":20},"end":{"line":743,"column":65}},"410":{"start":{"line":744,"column":20},"end":{"line":744,"column":46}},"411":{"start":{"line":754,"column":19},"end":{"line":754,"column":21}},"412":{"start":{"line":755,"column":22},"end":{"line":755,"column":66}},"413":{"start":{"line":756,"column":25},"end":{"line":756,"column":72}},"414":{"start":{"line":757,"column":4},"end":{"line":757,"column":44}},"415":{"start":{"line":758,"column":4},"end":{"line":758,"column":41}},"416":{"start":{"line":762,"column":22},"end":{"line":762,"column":68}},"417":{"start":{"line":763,"column":4},"end":{"line":771,"column":13}},"418":{"start":{"line":764,"column":31},"end":{"line":764,"column":52}},"419":{"start":{"line":765,"column":8},"end":{"line":770,"column":9}},"420":{"start":{"line":765,"column":21},"end":{"line":765,"column":22}},"421":{"start":{"line":766,"column":12},"end":{"line":769,"column":15}},"422":{"start":{"line":767,"column":31},"end":{"line":767,"column":58}},"423":{"start":{"line":768,"column":16},"end":{"line":768,"column":37}},"424":{"start":{"line":774,"column":0},"end":{"line":774,"column":840}}},"fnMap":{"0":{"name":"(anonymous_0)","decl":{"start":{"line":24,"column":33},"end":{"line":24,"column":34}},"loc":{"start":{"line":24,"column":40},"end":{"line":24,"column":55}},"line":24},"1":{"name":"(anonymous_1)","decl":{"start":{"line":25,"column":38},"end":{"line":25,"column":39}},"loc":{"start":{"line":25,"column":45},"end":{"line":25,"column":56}},"line":25},"2":{"name":"(anonymous_2)","decl":{"start":{"line":26,"column":39},"end":{"line":26,"column":40}},"loc":{"start":{"line":26,"column":46},"end":{"line":26,"column":57}},"line":26},"3":{"name":"(anonymous_3)","decl":{"start":{"line":27,"column":36},"end":{"line":27,"column":37}},"loc":{"start":{"line":27,"column":43},"end":{"line":27,"column":56}},"line":27},"4":{"name":"(anonymous_4)","decl":{"start":{"line":28,"column":45},"end":{"line":28,"column":46}},"loc":{"start":{"line":28,"column":52},"end":{"line":28,"column":70}},"line":28},"5":{"name":"(anonymous_5)","decl":{"start":{"line":29,"column":37},"end":{"line":29,"column":38}},"loc":{"start":{"line":29,"column":44},"end":{"line":29,"column":57}},"line":29},"6":{"name":"(anonymous_6)","decl":{"start":{"line":30,"column":35},"end":{"line":30,"column":36}},"loc":{"start":{"line":30,"column":42},"end":{"line":30,"column":55}},"line":30},"7":{"name":"(anonymous_7)","decl":{"start":{"line":31,"column":34},"end":{"line":31,"column":35}},"loc":{"start":{"line":31,"column":41},"end":{"line":31,"column":58}},"line":31},"8":{"name":"createPage","decl":{"start":{"line":40,"column":9},"end":{"line":40,"column":19}},"loc":{"start":{"line":40,"column":22},"end":{"line":47,"column":1}},"line":40},"9":{"name":"getIp","decl":{"start":{"line":51,"column":15},"end":{"line":51,"column":20}},"loc":{"start":{"line":51,"column":23},"end":{"line":63,"column":1}},"line":51},"10":{"name":"changeDuck","decl":{"start":{"line":65,"column":9},"end":{"line":65,"column":19}},"loc":{"start":{"line":65,"column":22},"end":{"line":68,"column":1}},"line":65},"11":{"name":"makeDuckAngry","decl":{"start":{"line":70,"column":9},"end":{"line":70,"column":22}},"loc":{"start":{"line":70,"column":25},"end":{"line":73,"column":1}},"line":70},"12":{"name":"hideGifInput","decl":{"start":{"line":75,"column":9},"end":{"line":75,"column":21}},"loc":{"start":{"line":75,"column":24},"end":{"line":79,"column":1}},"line":75},"13":{"name":"giveSearchInput","decl":{"start":{"line":81,"column":9},"end":{"line":81,"column":24}},"loc":{"start":{"line":81,"column":28},"end":{"line":84,"column":1}},"line":81},"14":{"name":"changeSort","decl":{"start":{"line":86,"column":9},"end":{"line":86,"column":19}},"loc":{"start":{"line":86,"column":23},"end":{"line":89,"column":1}},"line":86},"15":{"name":"changeLogo","decl":{"start":{"line":91,"column":9},"end":{"line":91,"column":19}},"loc":{"start":{"line":91,"column":23},"end":{"line":94,"column":1}},"line":91},"16":{"name":"changeLogoBack","decl":{"start":{"line":96,"column":9},"end":{"line":96,"column":23}},"loc":{"start":{"line":96,"column":27},"end":{"line":98,"column":1}},"line":96},"17":{"name":"getAllPosts","decl":{"start":{"line":100,"column":15},"end":{"line":100,"column":26}},"loc":{"start":{"line":100,"column":29},"end":{"line":104,"column":1}},"line":100},"18":{"name":"displayCharLimit","decl":{"start":{"line":107,"column":9},"end":{"line":107,"column":25}},"loc":{"start":{"line":107,"column":28},"end":{"line":122,"column":1}},"line":107},"19":{"name":"(anonymous_19)","decl":{"start":{"line":112,"column":39},"end":{"line":112,"column":40}},"loc":{"start":{"line":112,"column":52},"end":{"line":121,"column":5}},"line":112},"20":{"name":"addImage","decl":{"start":{"line":124,"column":9},"end":{"line":124,"column":17}},"loc":{"start":{"line":124,"column":20},"end":{"line":128,"column":1}},"line":124},"21":{"name":"mainTextContains","decl":{"start":{"line":133,"column":9},"end":{"line":133,"column":25}},"loc":{"start":{"line":133,"column":32},"end":{"line":137,"column":1}},"line":133},"22":{"name":"commentTextContains","decl":{"start":{"line":139,"column":9},"end":{"line":139,"column":28}},"loc":{"start":{"line":139,"column":35},"end":{"line":150,"column":1}},"line":139},"23":{"name":"sortByReactions","decl":{"start":{"line":152,"column":9},"end":{"line":152,"column":24}},"loc":{"start":{"line":152,"column":31},"end":{"line":166,"column":1}},"line":152},"24":{"name":"isFresh","decl":{"start":{"line":168,"column":9},"end":{"line":168,"column":16}},"loc":{"start":{"line":168,"column":23},"end":{"line":173,"column":1}},"line":168},"25":{"name":"risingFunction","decl":{"start":{"line":175,"column":9},"end":{"line":175,"column":23}},"loc":{"start":{"line":175,"column":30},"end":{"line":196,"column":1}},"line":175},"26":{"name":"generateCard","decl":{"start":{"line":199,"column":15},"end":{"line":199,"column":27}},"loc":{"start":{"line":199,"column":30},"end":{"line":460,"column":1}},"line":199},"27":{"name":"(anonymous_27)","decl":{"start":{"line":222,"column":35},"end":{"line":222,"column":36}},"loc":{"start":{"line":222,"column":42},"end":{"line":222,"column":58}},"line":222},"28":{"name":"(anonymous_28)","decl":{"start":{"line":230,"column":23},"end":{"line":230,"column":24}},"loc":{"start":{"line":230,"column":33},"end":{"line":230,"column":54}},"line":230},"29":{"name":"(anonymous_29)","decl":{"start":{"line":241,"column":23},"end":{"line":241,"column":24}},"loc":{"start":{"line":241,"column":33},"end":{"line":241,"column":53}},"line":241},"30":{"name":"(anonymous_30)","decl":{"start":{"line":448,"column":23},"end":{"line":448,"column":24}},"loc":{"start":{"line":448,"column":33},"end":{"line":448,"column":54}},"line":448},"31":{"name":"addComment","decl":{"start":{"line":462,"column":9},"end":{"line":462,"column":19}},"loc":{"start":{"line":462,"column":43},"end":{"line":489,"column":1}},"line":462},"32":{"name":"(anonymous_32)","decl":{"start":{"line":488,"column":11},"end":{"line":488,"column":12}},"loc":{"start":{"line":488,"column":25},"end":{"line":488,"column":37}},"line":488},"33":{"name":"addReactionCount","decl":{"start":{"line":491,"column":9},"end":{"line":491,"column":25}},"loc":{"start":{"line":491,"column":68},"end":{"line":503,"column":1}},"line":491},"34":{"name":"(anonymous_34)","decl":{"start":{"line":502,"column":11},"end":{"line":502,"column":12}},"loc":{"start":{"line":502,"column":25},"end":{"line":502,"column":37}},"line":502},"35":{"name":"addCommentReactionCount","decl":{"start":{"line":505,"column":9},"end":{"line":505,"column":32}},"loc":{"start":{"line":510,"column":2},"end":{"line":522,"column":1}},"line":510},"36":{"name":"(anonymous_36)","decl":{"start":{"line":521,"column":11},"end":{"line":521,"column":12}},"loc":{"start":{"line":521,"column":25},"end":{"line":521,"column":37}},"line":521},"37":{"name":"previewGif","decl":{"start":{"line":531,"column":9},"end":{"line":531,"column":19}},"loc":{"start":{"line":531,"column":22},"end":{"line":565,"column":1}},"line":531},"38":{"name":"(anonymous_38)","decl":{"start":{"line":532,"column":68},"end":{"line":532,"column":69}},"loc":{"start":{"line":532,"column":76},"end":{"line":564,"column":5}},"line":532},"39":{"name":"(anonymous_39)","decl":{"start":{"line":545,"column":18},"end":{"line":545,"column":19}},"loc":{"start":{"line":545,"column":32},"end":{"line":545,"column":47}},"line":545},"40":{"name":"(anonymous_40)","decl":{"start":{"line":546,"column":18},"end":{"line":546,"column":19}},"loc":{"start":{"line":546,"column":31},"end":{"line":560,"column":13}},"line":546},"41":{"name":"(anonymous_41)","decl":{"start":{"line":561,"column":19},"end":{"line":561,"column":20}},"loc":{"start":{"line":561,"column":28},"end":{"line":563,"column":13}},"line":561},"42":{"name":"init","decl":{"start":{"line":569,"column":9},"end":{"line":569,"column":13}},"loc":{"start":{"line":569,"column":16},"end":{"line":591,"column":1}},"line":569},"43":{"name":"(anonymous_43)","decl":{"start":{"line":570,"column":67},"end":{"line":570,"column":68}},"loc":{"start":{"line":570,"column":75},"end":{"line":590,"column":5}},"line":570},"44":{"name":"(anonymous_44)","decl":{"start":{"line":577,"column":18},"end":{"line":577,"column":19}},"loc":{"start":{"line":577,"column":32},"end":{"line":577,"column":47}},"line":577},"45":{"name":"(anonymous_45)","decl":{"start":{"line":578,"column":18},"end":{"line":578,"column":19}},"loc":{"start":{"line":578,"column":31},"end":{"line":586,"column":13}},"line":578},"46":{"name":"(anonymous_46)","decl":{"start":{"line":587,"column":19},"end":{"line":587,"column":20}},"loc":{"start":{"line":587,"column":28},"end":{"line":589,"column":13}},"line":587},"47":{"name":"removePreview","decl":{"start":{"line":593,"column":9},"end":{"line":593,"column":22}},"loc":{"start":{"line":593,"column":25},"end":{"line":595,"column":1}},"line":593},"48":{"name":"addQuack","decl":{"start":{"line":597,"column":15},"end":{"line":597,"column":23}},"loc":{"start":{"line":597,"column":27},"end":{"line":677,"column":1}},"line":597},"49":{"name":"(anonymous_49)","decl":{"start":{"line":674,"column":12},"end":{"line":674,"column":13}},"loc":{"start":{"line":674,"column":26},"end":{"line":676,"column":5}},"line":674},"50":{"name":"makeCommentsWork","decl":{"start":{"line":681,"column":9},"end":{"line":681,"column":25}},"loc":{"start":{"line":681,"column":28},"end":{"line":699,"column":1}},"line":681},"51":{"name":"(anonymous_51)","decl":{"start":{"line":683,"column":15},"end":{"line":683,"column":16}},"loc":{"start":{"line":683,"column":33},"end":{"line":698,"column":5}},"line":683},"52":{"name":"(anonymous_52)","decl":{"start":{"line":691,"column":56},"end":{"line":691,"column":57}},"loc":{"start":{"line":691,"column":69},"end":{"line":696,"column":13}},"line":691},"53":{"name":"makeReactionsWork","decl":{"start":{"line":701,"column":9},"end":{"line":701,"column":26}},"loc":{"start":{"line":701,"column":29},"end":{"line":751,"column":1}},"line":701},"54":{"name":"(anonymous_54)","decl":{"start":{"line":706,"column":15},"end":{"line":706,"column":16}},"loc":{"start":{"line":706,"column":21},"end":{"line":750,"column":5}},"line":706},"55":{"name":"(anonymous_55)","decl":{"start":{"line":712,"column":16},"end":{"line":712,"column":17}},"loc":{"start":{"line":712,"column":29},"end":{"line":724,"column":17}},"line":712},"56":{"name":"(anonymous_56)","decl":{"start":{"line":732,"column":16},"end":{"line":732,"column":17}},"loc":{"start":{"line":732,"column":29},"end":{"line":745,"column":17}},"line":732},"57":{"name":"toggleHidden","decl":{"start":{"line":753,"column":9},"end":{"line":753,"column":21}},"loc":{"start":{"line":753,"column":26},"end":{"line":759,"column":1}},"line":753},"58":{"name":"makeCommentIconsWork","decl":{"start":{"line":761,"column":9},"end":{"line":761,"column":29}},"loc":{"start":{"line":761,"column":32},"end":{"line":772,"column":1}},"line":761},"59":{"name":"(anonymous_59)","decl":{"start":{"line":763,"column":15},"end":{"line":763,"column":16}},"loc":{"start":{"line":763,"column":21},"end":{"line":771,"column":5}},"line":763},"60":{"name":"(anonymous_60)","decl":{"start":{"line":766,"column":56},"end":{"line":766,"column":57}},"loc":{"start":{"line":766,"column":69},"end":{"line":769,"column":13}},"line":766}},"branchMap":{"0":{"loc":{"start":{"line":114,"column":8},"end":{"line":120,"column":9}},"type":"if","locations":[{"start":{"line":114,"column":8},"end":{"line":120,"column":9}},{"start":{"line":114,"column":8},"end":{"line":120,"column":9}}],"line":114},"1":{"loc":{"start":{"line":116,"column":15},"end":{"line":120,"column":9}},"type":"if","locations":[{"start":{"line":116,"column":15},"end":{"line":120,"column":9}},{"start":{"line":116,"column":15},"end":{"line":120,"column":9}}],"line":116},"2":{"loc":{"start":{"line":141,"column":4},"end":{"line":143,"column":5}},"type":"if","locations":[{"start":{"line":141,"column":4},"end":{"line":143,"column":5}},{"start":{"line":141,"column":4},"end":{"line":143,"column":5}}],"line":141},"3":{"loc":{"start":{"line":146,"column":8},"end":{"line":148,"column":9}},"type":"if","locations":[{"start":{"line":146,"column":8},"end":{"line":148,"column":9}},{"start":{"line":146,"column":8},"end":{"line":148,"column":9}}],"line":146},"4":{"loc":{"start":{"line":170,"column":8},"end":{"line":171,"column":63}},"type":"binary-expr","locations":[{"start":{"line":170,"column":8},"end":{"line":170,"column":63}},{"start":{"line":171,"column":8},"end":{"line":171,"column":63}}],"line":170},"5":{"loc":{"start":{"line":216,"column":4},"end":{"line":224,"column":5}},"type":"if","locations":[{"start":{"line":216,"column":4},"end":{"line":224,"column":5}},{"start":{"line":216,"column":4},"end":{"line":224,"column":5}}],"line":216},"6":{"loc":{"start":{"line":229,"column":4},"end":{"line":231,"column":5}},"type":"if","locations":[{"start":{"line":229,"column":4},"end":{"line":231,"column":5}},{"start":{"line":229,"column":4},"end":{"line":231,"column":5}}],"line":229},"7":{"loc":{"start":{"line":235,"column":4},"end":{"line":237,"column":5}},"type":"if","locations":[{"start":{"line":235,"column":4},"end":{"line":237,"column":5}},{"start":{"line":235,"column":4},"end":{"line":237,"column":5}}],"line":235},"8":{"loc":{"start":{"line":240,"column":4},"end":{"line":242,"column":5}},"type":"if","locations":[{"start":{"line":240,"column":4},"end":{"line":242,"column":5}},{"start":{"line":240,"column":4},"end":{"line":242,"column":5}}],"line":240},"9":{"loc":{"start":{"line":367,"column":8},"end":{"line":426,"column":9}},"type":"if","locations":[{"start":{"line":367,"column":8},"end":{"line":426,"column":9}},{"start":{"line":367,"column":8},"end":{"line":426,"column":9}}],"line":367},"10":{"loc":{"start":{"line":433,"column":4},"end":{"line":459,"column":5}},"type":"if","locations":[{"start":{"line":433,"column":4},"end":{"line":459,"column":5}},{"start":{"line":433,"column":4},"end":{"line":459,"column":5}}],"line":433},"11":{"loc":{"start":{"line":433,"column":8},"end":{"line":433,"column":59}},"type":"binary-expr","locations":[{"start":{"line":433,"column":8},"end":{"line":433,"column":39}},{"start":{"line":433,"column":43},"end":{"line":433,"column":59}}],"line":433},"12":{"loc":{"start":{"line":468,"column":4},"end":{"line":472,"column":5}},"type":"if","locations":[{"start":{"line":468,"column":4},"end":{"line":472,"column":5}},{"start":{"line":468,"column":4},"end":{"line":472,"column":5}}],"line":468},"13":{"loc":{"start":{"line":540,"column":8},"end":{"line":542,"column":9}},"type":"if","locations":[{"start":{"line":540,"column":8},"end":{"line":542,"column":9}},{"start":{"line":540,"column":8},"end":{"line":542,"column":9}}],"line":540},"14":{"loc":{"start":{"line":610,"column":4},"end":{"line":616,"column":5}},"type":"if","locations":[{"start":{"line":610,"column":4},"end":{"line":616,"column":5}},{"start":{"line":610,"column":4},"end":{"line":616,"column":5}}],"line":610},"15":{"loc":{"start":{"line":624,"column":4},"end":{"line":633,"column":5}},"type":"if","locations":[{"start":{"line":624,"column":4},"end":{"line":633,"column":5}},{"start":{"line":624,"column":4},"end":{"line":633,"column":5}}],"line":624},"16":{"loc":{"start":{"line":624,"column":8},"end":{"line":624,"column":78}},"type":"binary-expr","locations":[{"start":{"line":624,"column":8},"end":{"line":624,"column":33}},{"start":{"line":624,"column":37},"end":{"line":624,"column":78}}],"line":624},"17":{"loc":{"start":{"line":637,"column":4},"end":{"line":639,"column":5}},"type":"if","locations":[{"start":{"line":637,"column":4},"end":{"line":639,"column":5}},{"start":{"line":637,"column":4},"end":{"line":639,"column":5}}],"line":637},"18":{"loc":{"start":{"line":640,"column":4},"end":{"line":642,"column":5}},"type":"if","locations":[{"start":{"line":640,"column":4},"end":{"line":642,"column":5}},{"start":{"line":640,"column":4},"end":{"line":642,"column":5}}],"line":640}},"s":{"0":1,"1":1,"2":1,"3":1,"4":1,"5":1,"6":1,"7":1,"8":1,"9":1,"10":1,"11":1,"12":1,"13":1,"14":1,"15":1,"16":1,"17":1,"18":1,"19":0,"20":1,"21":0,"22":1,"23":0,"24":1,"25":0,"26":1,"27":0,"28":1,"29":0,"30":1,"31":0,"32":1,"33":0,"34":1,"35":1,"36":1,"37":1,"38":1,"39":1,"40":1,"41":0,"42":0,"43":0,"44":0,"45":0,"46":0,"47":0,"48":0,"49":0,"50":0,"51":0,"52":0,"53":0,"54":0,"55":0,"56":0,"57":0,"58":0,"59":0,"60":0,"61":0,"62":0,"63":1,"64":1,"65":1,"66":1,"67":0,"68":0,"69":0,"70":0,"71":0,"72":0,"73":0,"74":0,"75":0,"76":0,"77":0,"78":0,"79":0,"80":0,"81":0,"82":0,"83":0,"84":0,"85":0,"86":0,"87":0,"88":0,"89":0,"90":0,"91":0,"92":0,"93":0,"94":0,"95":0,"96":0,"97":0,"98":0,"99":0,"100":0,"101":0,"102":0,"103":0,"104":0,"105":0,"106":0,"107":0,"108":0,"109":0,"110":0,"111":0,"112":0,"113":1,"114":0,"115":0,"116":0,"117":0,"118":0,"119":0,"120":0,"121":0,"122":0,"123":0,"124":0,"125":0,"126":0,"127":0,"128":0,"129":0,"130":0,"131":0,"132":0,"133":0,"134":0,"135":0,"136":0,"137":0,"138":0,"139":0,"140":0,"141":0,"142":0,"143":0,"144":0,"145":0,"146":0,"147":0,"148":0,"149":0,"150":0,"151":0,"152":0,"153":0,"154":0,"155":0,"156":0,"157":0,"158":0,"159":0,"160":0,"161":0,"162":0,"163":0,"164":0,"165":0,"166":0,"167":0,"168":0,"169":0,"170":0,"171":0,"172":0,"173":0,"174":0,"175":0,"176":0,"177":0,"178":0,"179":0,"180":0,"181":0,"182":0,"183":0,"184":0,"185":0,"186":0,"187":0,"188":0,"189":0,"190":0,"191":0,"192":0,"193":0,"194":0,"195":0,"196":0,"197":0,"198":0,"199":0,"200":0,"201":0,"202":0,"203":0,"204":0,"205":0,"206":0,"207":0,"208":0,"209":0,"210":0,"211":0,"212":0,"213":0,"214":0,"215":0,"216":0,"217":0,"218":0,"219":0,"220":0,"221":0,"222":0,"223":0,"224":0,"225":0,"226":0,"227":0,"228":0,"229":0,"230":0,"231":0,"232":0,"233":0,"234":0,"235":0,"236":0,"237":0,"238":0,"239":0,"240":0,"241":0,"242":0,"243":0,"244":0,"245":0,"246":0,"247":0,"248":0,"249":0,"250":0,"251":0,"252":0,"253":0,"254":0,"255":0,"256":0,"257":0,"258":0,"259":0,"260":0,"261":0,"262":0,"263":0,"264":0,"265":0,"266":0,"267":0,"268":0,"269":0,"270":0,"271":0,"272":0,"273":0,"274":0,"275":0,"276":0,"277":0,"278":0,"279":0,"280":0,"281":0,"282":0,"283":0,"284":0,"285":0,"286":0,"287":0,"288":0,"289":0,"290":1,"291":1,"292":1,"293":0,"294":0,"295":0,"296":0,"297":0,"298":0,"299":0,"300":0,"301":0,"302":0,"303":0,"304":0,"305":0,"306":0,"307":0,"308":0,"309":0,"310":0,"311":0,"312":0,"313":0,"314":0,"315":0,"316":1,"317":1,"318":0,"319":0,"320":0,"321":0,"322":0,"323":0,"324":0,"325":0,"326":0,"327":0,"328":0,"329":0,"330":0,"331":0,"332":0,"333":0,"334":0,"335":0,"336":0,"337":0,"338":0,"339":0,"340":0,"341":0,"342":0,"343":0,"344":0,"345":0,"346":0,"347":0,"348":0,"349":0,"350":0,"351":0,"352":0,"353":0,"354":0,"355":0,"356":0,"357":0,"358":0,"359":0,"360":0,"361":0,"362":0,"363":0,"364":0,"365":0,"366":1,"367":1,"368":0,"369":0,"370":0,"371":0,"372":0,"373":0,"374":0,"375":0,"376":0,"377":0,"378":0,"379":1,"380":1,"381":1,"382":0,"383":0,"384":0,"385":0,"386":0,"387":0,"388":0,"389":0,"390":0,"391":0,"392":0,"393":0,"394":0,"395":0,"396":0,"397":0,"398":0,"399":0,"400":0,"401":0,"402":0,"403":0,"404":0,"405":0,"406":0,"407":0,"408":0,"409":0,"410":0,"411":0,"412":0,"413":0,"414":0,"415":0,"416":1,"417":1,"418":0,"419":0,"420":0,"421":0,"422":0,"423":0,"424":1},"f":{"0":0,"1":0,"2":0,"3":0,"4":0,"5":0,"6":0,"7":0,"8":1,"9":0,"10":0,"11":0,"12":0,"13":0,"14":0,"15":0,"16":0,"17":0,"18":1,"19":0,"20":0,"21":0,"22":0,"23":0,"24":0,"25":0,"26":1,"27":0,"28":0,"29":0,"30":0,"31":0,"32":0,"33":0,"34":0,"35":0,"36":0,"37":0,"38":0,"39":0,"40":0,"41":0,"42":1,"43":0,"44":0,"45":0,"46":0,"47":0,"48":0,"49":0,"50":1,"51":0,"52":0,"53":1,"54":0,"55":0,"56":0,"57":0,"58":1,"59":0,"60":0},"b":{"0":[0,0],"1":[0,0],"2":[0,0],"3":[0,0],"4":[0,0],"5":[0,0],"6":[0,0],"7":[0,0],"8":[0,0],"9":[0,0],"10":[0,0],"11":[0,0],"12":[0,0],"13":[0,0],"14":[0,0],"15":[0,0],"16":[0,0],"17":[0,0],"18":[0,0]},"_coverageSchema":"1a1c01bbd47fc00a2c39e90264f33305004495a9","hash":"054538911b1ef91b3e462f193e437cf2dc5b9e43"}
,"C:\\Users\\Brodie\\Documents\\futureproof\\group projects\\twitter clone\\quacker\\client\\scripts\\dayjs\\dayjs.js": {"path":"C:\\Users\\Brodie\\Documents\\futureproof\\group projects\\twitter clone\\quacker\\client\\scripts\\dayjs\\dayjs.js","statementMap":{"0":{"start":{"line":1,"column":0},"end":{"line":308,"column":4}},"1":{"start":{"line":2,"column":4},"end":{"line":2,"column":219}},"2":{"start":{"line":5,"column":12},"end":{"line":5,"column":15}},"3":{"start":{"line":6,"column":12},"end":{"line":6,"column":15}},"4":{"start":{"line":7,"column":12},"end":{"line":7,"column":16}},"5":{"start":{"line":8,"column":12},"end":{"line":8,"column":25}},"6":{"start":{"line":9,"column":12},"end":{"line":9,"column":20}},"7":{"start":{"line":10,"column":12},"end":{"line":10,"column":20}},"8":{"start":{"line":11,"column":12},"end":{"line":11,"column":18}},"9":{"start":{"line":12,"column":12},"end":{"line":12,"column":17}},"10":{"start":{"line":13,"column":12},"end":{"line":13,"column":18}},"11":{"start":{"line":14,"column":12},"end":{"line":14,"column":19}},"12":{"start":{"line":15,"column":12},"end":{"line":15,"column":21}},"13":{"start":{"line":16,"column":12},"end":{"line":16,"column":18}},"14":{"start":{"line":17,"column":12},"end":{"line":17,"column":18}},"15":{"start":{"line":18,"column":12},"end":{"line":18,"column":26}},"16":{"start":{"line":19,"column":12},"end":{"line":19,"column":104}},"17":{"start":{"line":20,"column":12},"end":{"line":20,"column":97}},"18":{"start":{"line":21,"column":12},"end":{"line":25,"column":9}},"19":{"start":{"line":26,"column":12},"end":{"line":29,"column":9}},"20":{"start":{"line":27,"column":20},"end":{"line":27,"column":29}},"21":{"start":{"line":28,"column":12},"end":{"line":28,"column":85}},"22":{"start":{"line":30,"column":12},"end":{"line":67,"column":9}},"23":{"start":{"line":33,"column":24},"end":{"line":33,"column":38}},"24":{"start":{"line":34,"column":24},"end":{"line":34,"column":35}},"25":{"start":{"line":35,"column":24},"end":{"line":35,"column":42}},"26":{"start":{"line":36,"column":24},"end":{"line":36,"column":30}},"27":{"start":{"line":37,"column":16},"end":{"line":37,"column":79}},"28":{"start":{"line":40,"column":16},"end":{"line":40,"column":57}},"29":{"start":{"line":40,"column":41},"end":{"line":40,"column":57}},"30":{"start":{"line":41,"column":24},"end":{"line":41,"column":76}},"31":{"start":{"line":42,"column":24},"end":{"line":42,"column":43}},"32":{"start":{"line":43,"column":24},"end":{"line":43,"column":33}},"33":{"start":{"line":44,"column":24},"end":{"line":44,"column":58}},"34":{"start":{"line":45,"column":16},"end":{"line":45,"column":67}},"35":{"start":{"line":48,"column":16},"end":{"line":48,"column":64}},"36":{"start":{"line":51,"column":16},"end":{"line":62,"column":72}},"37":{"start":{"line":65,"column":16},"end":{"line":65,"column":35}},"38":{"start":{"line":68,"column":12},"end":{"line":68,"column":16}},"39":{"start":{"line":69,"column":12},"end":{"line":69,"column":14}},"40":{"start":{"line":70,"column":4},"end":{"line":70,"column":13}},"41":{"start":{"line":71,"column":12},"end":{"line":73,"column":9}},"42":{"start":{"line":72,"column":12},"end":{"line":72,"column":33}},"43":{"start":{"line":74,"column":12},"end":{"line":83,"column":9}},"44":{"start":{"line":76,"column":12},"end":{"line":76,"column":29}},"45":{"start":{"line":76,"column":20},"end":{"line":76,"column":29}},"46":{"start":{"line":77,"column":12},"end":{"line":81,"column":13}},"47":{"start":{"line":77,"column":38},"end":{"line":77,"column":78}},"48":{"start":{"line":79,"column":24},"end":{"line":79,"column":30}},"49":{"start":{"line":80,"column":16},"end":{"line":80,"column":31}},"50":{"start":{"line":82,"column":12},"end":{"line":82,"column":51}},"51":{"start":{"line":84,"column":12},"end":{"line":88,"column":9}},"52":{"start":{"line":85,"column":12},"end":{"line":85,"column":39}},"53":{"start":{"line":85,"column":22},"end":{"line":85,"column":39}},"54":{"start":{"line":86,"column":20},"end":{"line":86,"column":49}},"55":{"start":{"line":87,"column":12},"end":{"line":87,"column":59}},"56":{"start":{"line":89,"column":12},"end":{"line":89,"column":13}},"57":{"start":{"line":90,"column":4},"end":{"line":97,"column":6}},"58":{"start":{"line":91,"column":8},"end":{"line":96,"column":10}},"59":{"start":{"line":98,"column":12},"end":{"line":288,"column":11}},"60":{"start":{"line":100,"column":16},"end":{"line":100,"column":62}},"61":{"start":{"line":102,"column":20},"end":{"line":102,"column":31}},"62":{"start":{"line":103,"column":12},"end":{"line":287,"column":16}},"63":{"start":{"line":104,"column":16},"end":{"line":119,"column":54}},"64":{"start":{"line":105,"column":28},"end":{"line":105,"column":34}},"65":{"start":{"line":106,"column":28},"end":{"line":106,"column":33}},"66":{"start":{"line":107,"column":20},"end":{"line":107,"column":57}},"67":{"start":{"line":107,"column":36},"end":{"line":107,"column":57}},"68":{"start":{"line":108,"column":20},"end":{"line":108,"column":48}},"69":{"start":{"line":108,"column":32},"end":{"line":108,"column":48}},"70":{"start":{"line":109,"column":20},"end":{"line":109,"column":62}},"71":{"start":{"line":109,"column":43},"end":{"line":109,"column":62}},"72":{"start":{"line":110,"column":20},"end":{"line":117,"column":21}},"73":{"start":{"line":111,"column":32},"end":{"line":111,"column":42}},"74":{"start":{"line":112,"column":24},"end":{"line":116,"column":25}},"75":{"start":{"line":113,"column":36},"end":{"line":113,"column":49}},"76":{"start":{"line":114,"column":36},"end":{"line":114,"column":65}},"77":{"start":{"line":115,"column":28},"end":{"line":115,"column":180}},"78":{"start":{"line":118,"column":20},"end":{"line":118,"column":38}},"79":{"start":{"line":121,"column":24},"end":{"line":121,"column":31}},"80":{"start":{"line":122,"column":16},"end":{"line":122,"column":218}},"81":{"start":{"line":124,"column":16},"end":{"line":124,"column":24}},"82":{"start":{"line":126,"column":16},"end":{"line":126,"column":50}},"83":{"start":{"line":128,"column":24},"end":{"line":128,"column":28}},"84":{"start":{"line":129,"column":16},"end":{"line":129,"column":65}},"85":{"start":{"line":131,"column":16},"end":{"line":131,"column":45}},"86":{"start":{"line":133,"column":16},"end":{"line":133,"column":43}},"87":{"start":{"line":135,"column":16},"end":{"line":135,"column":56}},"88":{"start":{"line":137,"column":16},"end":{"line":137,"column":55}},"89":{"start":{"line":139,"column":16},"end":{"line":139,"column":40}},"90":{"start":{"line":141,"column":24},"end":{"line":141,"column":28}},"91":{"start":{"line":142,"column":24},"end":{"line":142,"column":37}},"92":{"start":{"line":143,"column":24},"end":{"line":143,"column":30}},"93":{"start":{"line":144,"column":24},"end":{"line":147,"column":21}},"94":{"start":{"line":145,"column":32},"end":{"line":145,"column":90}},"95":{"start":{"line":146,"column":24},"end":{"line":146,"column":49}},"96":{"start":{"line":148,"column":24},"end":{"line":150,"column":21}},"97":{"start":{"line":149,"column":24},"end":{"line":149,"column":122}},"98":{"start":{"line":151,"column":24},"end":{"line":151,"column":31}},"99":{"start":{"line":152,"column":24},"end":{"line":152,"column":31}},"100":{"start":{"line":153,"column":24},"end":{"line":153,"column":31}},"101":{"start":{"line":154,"column":24},"end":{"line":154,"column":54}},"102":{"start":{"line":155,"column":16},"end":{"line":175,"column":17}},"103":{"start":{"line":157,"column":24},"end":{"line":157,"column":55}},"104":{"start":{"line":159,"column":24},"end":{"line":159,"column":57}},"105":{"start":{"line":161,"column":32},"end":{"line":161,"column":61}},"106":{"start":{"line":162,"column":32},"end":{"line":162,"column":55}},"107":{"start":{"line":163,"column":24},"end":{"line":163,"column":61}},"108":{"start":{"line":166,"column":24},"end":{"line":166,"column":49}},"109":{"start":{"line":168,"column":24},"end":{"line":168,"column":51}},"110":{"start":{"line":170,"column":24},"end":{"line":170,"column":51}},"111":{"start":{"line":172,"column":24},"end":{"line":172,"column":56}},"112":{"start":{"line":174,"column":24},"end":{"line":174,"column":43}},"113":{"start":{"line":177,"column":16},"end":{"line":177,"column":42}},"114":{"start":{"line":179,"column":27},"end":{"line":179,"column":33}},"115":{"start":{"line":180,"column":24},"end":{"line":180,"column":54}},"116":{"start":{"line":181,"column":24},"end":{"line":181,"column":210}},"117":{"start":{"line":182,"column":24},"end":{"line":182,"column":61}},"118":{"start":{"line":183,"column":16},"end":{"line":186,"column":42}},"119":{"start":{"line":184,"column":28},"end":{"line":184,"column":50}},"120":{"start":{"line":185,"column":20},"end":{"line":185,"column":99}},"121":{"start":{"line":186,"column":23},"end":{"line":186,"column":42}},"122":{"start":{"line":187,"column":16},"end":{"line":187,"column":40}},"123":{"start":{"line":189,"column":16},"end":{"line":189,"column":46}},"124":{"start":{"line":191,"column":16},"end":{"line":191,"column":37}},"125":{"start":{"line":193,"column":27},"end":{"line":193,"column":31}},"126":{"start":{"line":194,"column":16},"end":{"line":194,"column":30}},"127":{"start":{"line":195,"column":24},"end":{"line":195,"column":30}},"128":{"start":{"line":196,"column":24},"end":{"line":199,"column":21}},"129":{"start":{"line":197,"column":32},"end":{"line":197,"column":36}},"130":{"start":{"line":198,"column":24},"end":{"line":198,"column":75}},"131":{"start":{"line":200,"column":16},"end":{"line":200,"column":61}},"132":{"start":{"line":200,"column":29},"end":{"line":200,"column":61}},"133":{"start":{"line":201,"column":16},"end":{"line":201,"column":61}},"134":{"start":{"line":201,"column":29},"end":{"line":201,"column":61}},"135":{"start":{"line":202,"column":16},"end":{"line":202,"column":41}},"136":{"start":{"line":202,"column":29},"end":{"line":202,"column":41}},"137":{"start":{"line":203,"column":16},"end":{"line":203,"column":41}},"138":{"start":{"line":203,"column":29},"end":{"line":203,"column":41}},"139":{"start":{"line":204,"column":24},"end":{"line":204,"column":73}},"140":{"start":{"line":205,"column":24},"end":{"line":205,"column":49}},"141":{"start":{"line":206,"column":16},"end":{"line":206,"column":35}},"142":{"start":{"line":208,"column":16},"end":{"line":208,"column":42}},"143":{"start":{"line":210,"column":24},"end":{"line":210,"column":28}},"144":{"start":{"line":211,"column":24},"end":{"line":211,"column":38}},"145":{"start":{"line":212,"column":16},"end":{"line":212,"column":63}},"146":{"start":{"line":212,"column":37},"end":{"line":212,"column":63}},"147":{"start":{"line":213,"column":24},"end":{"line":213,"column":51}},"148":{"start":{"line":214,"column":24},"end":{"line":214,"column":33}},"149":{"start":{"line":215,"column":24},"end":{"line":215,"column":31}},"150":{"start":{"line":216,"column":24},"end":{"line":216,"column":31}},"151":{"start":{"line":217,"column":24},"end":{"line":217,"column":31}},"152":{"start":{"line":218,"column":24},"end":{"line":218,"column":34}},"153":{"start":{"line":219,"column":24},"end":{"line":219,"column":32}},"154":{"start":{"line":220,"column":24},"end":{"line":222,"column":21}},"155":{"start":{"line":221,"column":24},"end":{"line":221,"column":74}},"156":{"start":{"line":223,"column":24},"end":{"line":225,"column":21}},"157":{"start":{"line":224,"column":24},"end":{"line":224,"column":56}},"158":{"start":{"line":226,"column":24},"end":{"line":229,"column":21}},"159":{"start":{"line":227,"column":32},"end":{"line":227,"column":52}},"160":{"start":{"line":228,"column":24},"end":{"line":228,"column":54}},"161":{"start":{"line":230,"column":24},"end":{"line":255,"column":21}},"162":{"start":{"line":256,"column":16},"end":{"line":258,"column":19}},"163":{"start":{"line":257,"column":20},"end":{"line":257,"column":58}},"164":{"start":{"line":260,"column":16},"end":{"line":260,"column":73}},"165":{"start":{"line":262,"column":27},"end":{"line":262,"column":33}},"166":{"start":{"line":263,"column":24},"end":{"line":263,"column":28}},"167":{"start":{"line":264,"column":24},"end":{"line":264,"column":62}},"168":{"start":{"line":265,"column":24},"end":{"line":265,"column":32}},"169":{"start":{"line":266,"column":24},"end":{"line":266,"column":36}},"170":{"start":{"line":267,"column":16},"end":{"line":267,"column":192}},"171":{"start":{"line":269,"column":16},"end":{"line":269,"column":39}},"172":{"start":{"line":271,"column":16},"end":{"line":271,"column":33}},"173":{"start":{"line":273,"column":16},"end":{"line":273,"column":39}},"174":{"start":{"line":273,"column":24},"end":{"line":273,"column":39}},"175":{"start":{"line":274,"column":24},"end":{"line":274,"column":36}},"176":{"start":{"line":275,"column":24},"end":{"line":275,"column":35}},"177":{"start":{"line":276,"column":16},"end":{"line":276,"column":41}},"178":{"start":{"line":278,"column":16},"end":{"line":278,"column":41}},"179":{"start":{"line":280,"column":16},"end":{"line":280,"column":47}},"180":{"start":{"line":282,"column":16},"end":{"line":282,"column":65}},"181":{"start":{"line":284,"column":16},"end":{"line":284,"column":44}},"182":{"start":{"line":286,"column":16},"end":{"line":286,"column":44}},"183":{"start":{"line":289,"column":12},"end":{"line":289,"column":23}},"184":{"start":{"line":290,"column":4},"end":{"line":307,"column":41}},"185":{"start":{"line":300,"column":8},"end":{"line":302,"column":9}},"186":{"start":{"line":301,"column":12},"end":{"line":301,"column":41}},"187":{"start":{"line":304,"column":8},"end":{"line":304,"column":49}},"188":{"start":{"line":306,"column":8},"end":{"line":306,"column":25}}},"fnMap":{"0":{"name":"(anonymous_0)","decl":{"start":{"line":1,"column":2},"end":{"line":1,"column":3}},"loc":{"start":{"line":1,"column":18},"end":{"line":3,"column":1}},"line":1},"1":{"name":"(anonymous_1)","decl":{"start":{"line":3,"column":9},"end":{"line":3,"column":10}},"loc":{"start":{"line":3,"column":21},"end":{"line":308,"column":1}},"line":3},"2":{"name":"(anonymous_2)","decl":{"start":{"line":26,"column":12},"end":{"line":26,"column":13}},"loc":{"start":{"line":26,"column":31},"end":{"line":29,"column":9}},"line":26},"3":{"name":"(anonymous_3)","decl":{"start":{"line":32,"column":15},"end":{"line":32,"column":16}},"loc":{"start":{"line":32,"column":28},"end":{"line":38,"column":13}},"line":32},"4":{"name":"t","decl":{"start":{"line":39,"column":24},"end":{"line":39,"column":25}},"loc":{"start":{"line":39,"column":32},"end":{"line":46,"column":13}},"line":39},"5":{"name":"(anonymous_5)","decl":{"start":{"line":47,"column":15},"end":{"line":47,"column":16}},"loc":{"start":{"line":47,"column":28},"end":{"line":49,"column":13}},"line":47},"6":{"name":"(anonymous_6)","decl":{"start":{"line":50,"column":15},"end":{"line":50,"column":16}},"loc":{"start":{"line":50,"column":28},"end":{"line":63,"column":13}},"line":50},"7":{"name":"(anonymous_7)","decl":{"start":{"line":64,"column":15},"end":{"line":64,"column":16}},"loc":{"start":{"line":64,"column":28},"end":{"line":66,"column":13}},"line":64},"8":{"name":"(anonymous_8)","decl":{"start":{"line":71,"column":12},"end":{"line":71,"column":13}},"loc":{"start":{"line":71,"column":25},"end":{"line":73,"column":9}},"line":71},"9":{"name":"(anonymous_9)","decl":{"start":{"line":74,"column":12},"end":{"line":74,"column":13}},"loc":{"start":{"line":74,"column":31},"end":{"line":83,"column":9}},"line":74},"10":{"name":"(anonymous_10)","decl":{"start":{"line":84,"column":12},"end":{"line":84,"column":13}},"loc":{"start":{"line":84,"column":28},"end":{"line":88,"column":9}},"line":84},"11":{"name":"(anonymous_11)","decl":{"start":{"line":90,"column":28},"end":{"line":90,"column":29}},"loc":{"start":{"line":90,"column":44},"end":{"line":97,"column":5}},"line":90},"12":{"name":"(anonymous_12)","decl":{"start":{"line":98,"column":12},"end":{"line":98,"column":13}},"loc":{"start":{"line":98,"column":24},"end":{"line":288,"column":9}},"line":98},"13":{"name":"M","decl":{"start":{"line":99,"column":21},"end":{"line":99,"column":22}},"loc":{"start":{"line":99,"column":26},"end":{"line":101,"column":13}},"line":99},"14":{"name":"(anonymous_14)","decl":{"start":{"line":103,"column":29},"end":{"line":103,"column":30}},"loc":{"start":{"line":103,"column":42},"end":{"line":120,"column":13}},"line":103},"15":{"name":"(anonymous_15)","decl":{"start":{"line":104,"column":26},"end":{"line":104,"column":27}},"loc":{"start":{"line":104,"column":39},"end":{"line":119,"column":17}},"line":104},"16":{"name":"(anonymous_16)","decl":{"start":{"line":120,"column":24},"end":{"line":120,"column":25}},"loc":{"start":{"line":120,"column":36},"end":{"line":123,"column":13}},"line":120},"17":{"name":"(anonymous_17)","decl":{"start":{"line":123,"column":26},"end":{"line":123,"column":27}},"loc":{"start":{"line":123,"column":38},"end":{"line":125,"column":13}},"line":123},"18":{"name":"(anonymous_18)","decl":{"start":{"line":125,"column":27},"end":{"line":125,"column":28}},"loc":{"start":{"line":125,"column":39},"end":{"line":127,"column":13}},"line":125},"19":{"name":"(anonymous_19)","decl":{"start":{"line":127,"column":26},"end":{"line":127,"column":27}},"loc":{"start":{"line":127,"column":42},"end":{"line":130,"column":13}},"line":127},"20":{"name":"(anonymous_20)","decl":{"start":{"line":130,"column":27},"end":{"line":130,"column":28}},"loc":{"start":{"line":130,"column":43},"end":{"line":132,"column":13}},"line":130},"21":{"name":"(anonymous_21)","decl":{"start":{"line":132,"column":28},"end":{"line":132,"column":29}},"loc":{"start":{"line":132,"column":44},"end":{"line":134,"column":13}},"line":132},"22":{"name":"(anonymous_22)","decl":{"start":{"line":134,"column":22},"end":{"line":134,"column":23}},"loc":{"start":{"line":134,"column":41},"end":{"line":136,"column":13}},"line":134},"23":{"name":"(anonymous_23)","decl":{"start":{"line":136,"column":24},"end":{"line":136,"column":25}},"loc":{"start":{"line":136,"column":36},"end":{"line":138,"column":13}},"line":136},"24":{"name":"(anonymous_24)","decl":{"start":{"line":138,"column":27},"end":{"line":138,"column":28}},"loc":{"start":{"line":138,"column":39},"end":{"line":140,"column":13}},"line":138},"25":{"name":"(anonymous_25)","decl":{"start":{"line":140,"column":27},"end":{"line":140,"column":28}},"loc":{"start":{"line":140,"column":43},"end":{"line":176,"column":13}},"line":140},"26":{"name":"(anonymous_26)","decl":{"start":{"line":144,"column":24},"end":{"line":144,"column":25}},"loc":{"start":{"line":144,"column":40},"end":{"line":147,"column":21}},"line":144},"27":{"name":"(anonymous_27)","decl":{"start":{"line":148,"column":24},"end":{"line":148,"column":25}},"loc":{"start":{"line":148,"column":40},"end":{"line":150,"column":21}},"line":148},"28":{"name":"(anonymous_28)","decl":{"start":{"line":176,"column":25},"end":{"line":176,"column":26}},"loc":{"start":{"line":176,"column":38},"end":{"line":178,"column":13}},"line":176},"29":{"name":"(anonymous_29)","decl":{"start":{"line":178,"column":24},"end":{"line":178,"column":25}},"loc":{"start":{"line":178,"column":40},"end":{"line":188,"column":13}},"line":178},"30":{"name":"(anonymous_30)","decl":{"start":{"line":188,"column":23},"end":{"line":188,"column":24}},"loc":{"start":{"line":188,"column":39},"end":{"line":190,"column":13}},"line":188},"31":{"name":"(anonymous_31)","decl":{"start":{"line":190,"column":23},"end":{"line":190,"column":24}},"loc":{"start":{"line":190,"column":36},"end":{"line":192,"column":13}},"line":190},"32":{"name":"(anonymous_32)","decl":{"start":{"line":192,"column":23},"end":{"line":192,"column":24}},"loc":{"start":{"line":192,"column":39},"end":{"line":207,"column":13}},"line":192},"33":{"name":"(anonymous_33)","decl":{"start":{"line":196,"column":24},"end":{"line":196,"column":25}},"loc":{"start":{"line":196,"column":37},"end":{"line":199,"column":21}},"line":196},"34":{"name":"(anonymous_34)","decl":{"start":{"line":207,"column":28},"end":{"line":207,"column":29}},"loc":{"start":{"line":207,"column":44},"end":{"line":209,"column":13}},"line":207},"35":{"name":"(anonymous_35)","decl":{"start":{"line":209,"column":26},"end":{"line":209,"column":27}},"loc":{"start":{"line":209,"column":39},"end":{"line":259,"column":13}},"line":209},"36":{"name":"(anonymous_36)","decl":{"start":{"line":220,"column":24},"end":{"line":220,"column":25}},"loc":{"start":{"line":220,"column":46},"end":{"line":222,"column":21}},"line":220},"37":{"name":"(anonymous_37)","decl":{"start":{"line":223,"column":24},"end":{"line":223,"column":25}},"loc":{"start":{"line":223,"column":37},"end":{"line":225,"column":21}},"line":223},"38":{"name":"(anonymous_38)","decl":{"start":{"line":226,"column":38},"end":{"line":226,"column":39}},"loc":{"start":{"line":226,"column":57},"end":{"line":229,"column":21}},"line":226},"39":{"name":"(anonymous_39)","decl":{"start":{"line":256,"column":37},"end":{"line":256,"column":38}},"loc":{"start":{"line":256,"column":53},"end":{"line":258,"column":17}},"line":256},"40":{"name":"(anonymous_40)","decl":{"start":{"line":259,"column":29},"end":{"line":259,"column":30}},"loc":{"start":{"line":259,"column":41},"end":{"line":261,"column":13}},"line":259},"41":{"name":"(anonymous_41)","decl":{"start":{"line":261,"column":24},"end":{"line":261,"column":25}},"loc":{"start":{"line":261,"column":43},"end":{"line":268,"column":13}},"line":261},"42":{"name":"(anonymous_42)","decl":{"start":{"line":268,"column":31},"end":{"line":268,"column":32}},"loc":{"start":{"line":268,"column":43},"end":{"line":270,"column":13}},"line":268},"43":{"name":"(anonymous_43)","decl":{"start":{"line":270,"column":27},"end":{"line":270,"column":28}},"loc":{"start":{"line":270,"column":39},"end":{"line":272,"column":13}},"line":270},"44":{"name":"(anonymous_44)","decl":{"start":{"line":272,"column":26},"end":{"line":272,"column":27}},"loc":{"start":{"line":272,"column":42},"end":{"line":277,"column":13}},"line":272},"45":{"name":"(anonymous_45)","decl":{"start":{"line":277,"column":25},"end":{"line":277,"column":26}},"loc":{"start":{"line":277,"column":37},"end":{"line":279,"column":13}},"line":277},"46":{"name":"(anonymous_46)","decl":{"start":{"line":279,"column":26},"end":{"line":279,"column":27}},"loc":{"start":{"line":279,"column":38},"end":{"line":281,"column":13}},"line":279},"47":{"name":"(anonymous_47)","decl":{"start":{"line":281,"column":26},"end":{"line":281,"column":27}},"loc":{"start":{"line":281,"column":38},"end":{"line":283,"column":13}},"line":281},"48":{"name":"(anonymous_48)","decl":{"start":{"line":283,"column":31},"end":{"line":283,"column":32}},"loc":{"start":{"line":283,"column":43},"end":{"line":285,"column":13}},"line":283},"49":{"name":"(anonymous_49)","decl":{"start":{"line":285,"column":28},"end":{"line":285,"column":29}},"loc":{"start":{"line":285,"column":40},"end":{"line":287,"column":13}},"line":285},"50":{"name":"(anonymous_50)","decl":{"start":{"line":299,"column":15},"end":{"line":299,"column":16}},"loc":{"start":{"line":299,"column":28},"end":{"line":303,"column":5}},"line":299},"51":{"name":"(anonymous_51)","decl":{"start":{"line":300,"column":18},"end":{"line":300,"column":19}},"loc":{"start":{"line":300,"column":31},"end":{"line":302,"column":9}},"line":300},"52":{"name":"(anonymous_52)","decl":{"start":{"line":303,"column":20},"end":{"line":303,"column":21}},"loc":{"start":{"line":303,"column":36},"end":{"line":305,"column":5}},"line":303},"53":{"name":"(anonymous_53)","decl":{"start":{"line":305,"column":45},"end":{"line":305,"column":46}},"loc":{"start":{"line":305,"column":58},"end":{"line":307,"column":5}},"line":305}},"branchMap":{"0":{"loc":{"start":{"line":2,"column":4},"end":{"line":2,"column":219}},"type":"cond-expr","locations":[{"start":{"line":2,"column":65},"end":{"line":2,"column":85}},{"start":{"line":2,"column":88},"end":{"line":2,"column":219}}],"line":2},"1":{"loc":{"start":{"line":2,"column":4},"end":{"line":2,"column":62}},"type":"binary-expr","locations":[{"start":{"line":2,"column":4},"end":{"line":2,"column":30}},{"start":{"line":2,"column":34},"end":{"line":2,"column":62}}],"line":2},"2":{"loc":{"start":{"line":2,"column":88},"end":{"line":2,"column":219}},"type":"cond-expr","locations":[{"start":{"line":2,"column":132},"end":{"line":2,"column":141}},{"start":{"line":2,"column":144},"end":{"line":2,"column":219}}],"line":2},"3":{"loc":{"start":{"line":2,"column":88},"end":{"line":2,"column":129}},"type":"binary-expr","locations":[{"start":{"line":2,"column":88},"end":{"line":2,"column":115}},{"start":{"line":2,"column":119},"end":{"line":2,"column":129}}],"line":2},"4":{"loc":{"start":{"line":2,"column":149},"end":{"line":2,"column":206}},"type":"cond-expr","locations":[{"start":{"line":2,"column":184},"end":{"line":2,"column":194}},{"start":{"line":2,"column":197},"end":{"line":2,"column":206}}],"line":2},"5":{"loc":{"start":{"line":2,"column":197},"end":{"line":2,"column":206}},"type":"binary-expr","locations":[{"start":{"line":2,"column":197},"end":{"line":2,"column":198}},{"start":{"line":2,"column":202},"end":{"line":2,"column":206}}],"line":2},"6":{"loc":{"start":{"line":28,"column":19},"end":{"line":28,"column":85}},"type":"cond-expr","locations":[{"start":{"line":28,"column":41},"end":{"line":28,"column":42}},{"start":{"line":28,"column":45},"end":{"line":28,"column":85}}],"line":28},"7":{"loc":{"start":{"line":28,"column":19},"end":{"line":28,"column":38}},"type":"binary-expr","locations":[{"start":{"line":28,"column":19},"end":{"line":28,"column":21}},{"start":{"line":28,"column":25},"end":{"line":28,"column":38}}],"line":28},"8":{"loc":{"start":{"line":37,"column":24},"end":{"line":37,"column":42}},"type":"cond-expr","locations":[{"start":{"line":37,"column":33},"end":{"line":37,"column":36}},{"start":{"line":37,"column":39},"end":{"line":37,"column":42}}],"line":37},"9":{"loc":{"start":{"line":40,"column":16},"end":{"line":40,"column":57}},"type":"if","locations":[{"start":{"line":40,"column":16},"end":{"line":40,"column":57}},{"start":{"line":40,"column":16},"end":{"line":40,"column":57}}],"line":40},"10":{"loc":{"start":{"line":44,"column":43},"end":{"line":44,"column":53}},"type":"cond-expr","locations":[{"start":{"line":44,"column":47},"end":{"line":44,"column":49}},{"start":{"line":44,"column":52},"end":{"line":44,"column":53}}],"line":44},"11":{"loc":{"start":{"line":45,"column":25},"end":{"line":45,"column":66}},"type":"binary-expr","locations":[{"start":{"line":45,"column":25},"end":{"line":45,"column":61}},{"start":{"line":45,"column":65},"end":{"line":45,"column":66}}],"line":45},"12":{"loc":{"start":{"line":45,"column":42},"end":{"line":45,"column":59}},"type":"cond-expr","locations":[{"start":{"line":45,"column":46},"end":{"line":45,"column":51}},{"start":{"line":45,"column":54},"end":{"line":45,"column":59}}],"line":45},"13":{"loc":{"start":{"line":48,"column":23},"end":{"line":48,"column":64}},"type":"cond-expr","locations":[{"start":{"line":48,"column":31},"end":{"line":48,"column":48}},{"start":{"line":48,"column":51},"end":{"line":48,"column":64}}],"line":48},"14":{"loc":{"start":{"line":48,"column":31},"end":{"line":48,"column":48}},"type":"binary-expr","locations":[{"start":{"line":48,"column":31},"end":{"line":48,"column":43}},{"start":{"line":48,"column":47},"end":{"line":48,"column":48}}],"line":48},"15":{"loc":{"start":{"line":51,"column":23},"end":{"line":62,"column":72}},"type":"binary-expr","locations":[{"start":{"line":51,"column":23},"end":{"line":62,"column":21}},{"start":{"line":62,"column":25},"end":{"line":62,"column":72}}],"line":51},"16":{"loc":{"start":{"line":62,"column":32},"end":{"line":62,"column":39}},"type":"binary-expr","locations":[{"start":{"line":62,"column":32},"end":{"line":62,"column":33}},{"start":{"line":62,"column":37},"end":{"line":62,"column":39}}],"line":62},"17":{"loc":{"start":{"line":76,"column":12},"end":{"line":76,"column":29}},"type":"if","locations":[{"start":{"line":76,"column":12},"end":{"line":76,"column":29}},{"start":{"line":76,"column":12},"end":{"line":76,"column":29}}],"line":76},"18":{"loc":{"start":{"line":77,"column":12},"end":{"line":81,"column":13}},"type":"if","locations":[{"start":{"line":77,"column":12},"end":{"line":81,"column":13}},{"start":{"line":77,"column":12},"end":{"line":81,"column":13}}],"line":77},"19":{"loc":{"start":{"line":77,"column":38},"end":{"line":77,"column":53}},"type":"binary-expr","locations":[{"start":{"line":77,"column":38},"end":{"line":77,"column":42}},{"start":{"line":77,"column":47},"end":{"line":77,"column":52}}],"line":77},"20":{"loc":{"start":{"line":77,"column":55},"end":{"line":77,"column":77}},"type":"binary-expr","locations":[{"start":{"line":77,"column":55},"end":{"line":77,"column":56}},{"start":{"line":77,"column":61},"end":{"line":77,"column":76}}],"line":77},"21":{"loc":{"start":{"line":82,"column":19},"end":{"line":82,"column":37}},"type":"binary-expr","locations":[{"start":{"line":82,"column":19},"end":{"line":82,"column":21}},{"start":{"line":82,"column":25},"end":{"line":82,"column":26}},{"start":{"line":82,"column":31},"end":{"line":82,"column":36}}],"line":82},"22":{"loc":{"start":{"line":82,"column":39},"end":{"line":82,"column":51}},"type":"binary-expr","locations":[{"start":{"line":82,"column":39},"end":{"line":82,"column":40}},{"start":{"line":82,"column":44},"end":{"line":82,"column":46}},{"start":{"line":82,"column":50},"end":{"line":82,"column":51}}],"line":82},"23":{"loc":{"start":{"line":85,"column":12},"end":{"line":85,"column":39}},"type":"if","locations":[{"start":{"line":85,"column":12},"end":{"line":85,"column":39}},{"start":{"line":85,"column":12},"end":{"line":85,"column":39}}],"line":85},"24":{"loc":{"start":{"line":86,"column":20},"end":{"li
[...]
,"line":221},"70":{"loc":{"start":{"line":224,"column":35},"end":{"line":224,"column":47}},"type":"binary-expr","locations":[{"start":{"line":224,"column":35},"end":{"line":224,"column":41}},{"start":{"line":224,"column":45},"end":{"line":224,"column":47}}],"line":224},"71":{"loc":{"start":{"line":226,"column":24},"end":{"line":229,"column":21}},"type":"binary-expr","locations":[{"start":{"line":226,"column":24},"end":{"line":226,"column":34}},{"start":{"line":226,"column":38},"end":{"line":229,"column":21}}],"line":226},"72":{"loc":{"start":{"line":227,"column":32},"end":{"line":227,"column":52}},"type":"cond-expr","locations":[{"start":{"line":227,"column":41},"end":{"line":227,"column":45}},{"start":{"line":227,"column":48},"end":{"line":227,"column":52}}],"line":227},"73":{"loc":{"start":{"line":228,"column":31},"end":{"line":228,"column":54}},"type":"cond-expr","locations":[{"start":{"line":228,"column":35},"end":{"line":228,"column":50}},{"start":{"line":228,"column":53},"end":{"line":228,"column":54}}],"line":228},"74":{"loc":{"start":{"line":257,"column":27},"end":{"line":257,"column":58}},"type":"binary-expr","locations":[{"start":{"line":257,"column":27},"end":{"line":257,"column":28}},{"start":{"line":257,"column":32},"end":{"line":257,"column":36}},{"start":{"line":257,"column":40},"end":{"line":257,"column":58}}],"line":257},"75":{"loc":{"start":{"line":267,"column":27},"end":{"line":267,"column":176}},"type":"binary-expr","locations":[{"start":{"line":267,"column":27},"end":{"line":267,"column":171}},{"start":{"line":267,"column":175},"end":{"line":267,"column":176}}],"line":267},"76":{"loc":{"start":{"line":267,"column":178},"end":{"line":267,"column":192}},"type":"cond-expr","locations":[{"start":{"line":267,"column":182},"end":{"line":267,"column":183}},{"start":{"line":267,"column":186},"end":{"line":267,"column":192}}],"line":267},"77":{"loc":{"start":{"line":273,"column":16},"end":{"line":273,"column":39}},"type":"if","locations":[{"start":{"line":273,"column":16},"end":{"line":273,"column":39}},{"start":{"line":273,"column":16},"end":{"line":273,"column":39}}],"line":273},"78":{"loc":{"start":{"line":276,"column":23},"end":{"line":276,"column":38}},"type":"binary-expr","locations":[{"start":{"line":276,"column":23},"end":{"line":276,"column":24}},{"start":{"line":276,"column":29},"end":{"line":276,"column":37}}],"line":276},"79":{"loc":{"start":{"line":282,"column":23},"end":{"line":282,"column":65}},"type":"cond-expr","locations":[{"start":{"line":282,"column":40},"end":{"line":282,"column":58}},{"start":{"line":282,"column":61},"end":{"line":282,"column":65}}],"line":282},"80":{"loc":{"start":{"line":304,"column":15},"end":{"line":304,"column":46}},"type":"binary-expr","locations":[{"start":{"line":304,"column":15},"end":{"line":304,"column":19}},{"start":{"line":304,"column":24},"end":{"line":304,"column":45}}],"line":304}},"s":{"0":1,"1":1,"2":1,"3":1,"4":1,"5":1,"6":1,"7":1,"8":1,"9":1,"10":1,"11":1,"12":1,"13":1,"14":1,"15":1,"16":1,"17":1,"18":1,"19":1,"20":0,"21":0,"22":1,"23":0,"24":0,"25":0,"26":0,"27":0,"28":0,"29":0,"30":0,"31":0,"32":0,"33":0,"34":0,"35":0,"36":0,"37":0,"38":1,"39":1,"40":1,"41":1,"42":0,"43":1,"44":0,"45":0,"46":0,"47":0,"48":0,"49":0,"50":0,"51":1,"52":0,"53":0,"54":0,"55":0,"56":1,"57":1,"58":0,"59":1,"60":0,"61":1,"62":1,"63":0,"64":0,"65":0,"66":0,"67":0,"68":0,"69":0,"70":0,"71":0,"72":0,"73":0,"74":0,"75":0,"76":0,"77":0,"78":0,"79":0,"80":0,"81":0,"82":0,"83":0,"84":0,"85":0,"86":0,"87":0,"88":0,"89":0,"90":0,"91":0,"92":0,"93":0,"94":0,"95":0,"96":0,"97":0,"98":0,"99":0,"100":0,"101":0,"102":0,"103":0,"104":0,"105":0,"106":0,"107":0,"108":0,"109":0,"110":0,"111":0,"112":0,"113":0,"114":0,"115":0,"116":0,"117":0,"118":0,"119":0,"120":0,"121":0,"122":0,"123":0,"124":0,"125":0,"126":0,"127":0,"128":0,"129":0,"130":0,"131":0,"132":0,"133":0,"134":0,"135":0,"136":0,"137":0,"138":0,"139":0,"140":0,"141":0,"142":0,"143":0,"144":0,"145":0,"146":0,"147":0,"148":0,"149":0,"150":0,"151":0,"152":0,"153":0,"154":0,"155":0,"156":0,"157":0,"158":0,"159":0,"160":0,"161":0,"162":0,"163":0,"164":0,"165":0,"166":0,"167":0,"168":0,"169":0,"170":0,"171":0,"172":0,"173":0,"174":0,"175":0,"176":0,"177":0,"178":0,"179":0,"180":0,"181":0,"182":0,"183":1,"184":1,"185":8,"186":0,"187":1,"188":0},"f":{"0":1,"1":1,"2":0,"3":0,"4":0,"5":0,"6":0,"7":0,"8":0,"9":0,"10":0,"11":0,"12":1,"13":0,"14":0,"15":0,"16":0,"17":0,"18":0,"19":0,"20":0,"21":0,"22":0,"23":0,"24":0,"25":0,"26":0,"27":0,"28":0,"29":0,"30":0,"31":0,"32":0,"33":0,"34":0,"35":0,"36":0,"37":0,"38":0,"39":0,"40":0,"41":0,"42":0,"43":0,"44":0,"45":0,"46":0,"47":0,"48":0,"49":0,"50":8,"51":0,"52":1,"53":0},"b":{"0":[1,0],"1":[1,1],"2":[0,0],"3":[0,0],"4":[0,0],"5":[0,0],"6":[0,0],"7":[0,0],"8":[0,0],"9":[0,0],"10":[0,0],"11":[0,0],"12":[0,0],"13":[0,0],"14":[0,0],"15":[0,0],"16":[0,0],"17":[0,0],"18":[0,0],"19":[0,0],"20":[0,0],"21":[0,0,0],"22":[0,0,0],"23":[0,0],"24":[0,0],"25":[0,0],"26":[0,0],"27":[0,0],"28":[0,0],"29":[0,0],"30":[0,0],"31":[0,0],"32":[0,0],"33":[0,0],"34":[0,0],"35":[0,0],"36":[0,0],"37":[0,0],"38":[0,0],"39":[0,0],"40":[0,0],"41":[0,0],"42":[0,0],"43":[0,0],"44":[0,0],"45":[0,0],"46":[0,0],"47":[0,0],"48":[0,0],"49":[0,0],"50":[0,0,0,0,0,0,0,0,0],"51":[0,0],"52":[0,0],"53":[0,0],"54":[0,0],"55":[0,0],"56":[0,0],"57":[0,0],"58":[0,0],"59":[0,0],"60":[0,0],"61":[0,0],"62":[0,0],"63":[0,0],"64":[0,0],"65":[0,0],"66":[0,0],"67":[0,0],"68":[0,0],"69":[0,0,0,0],"70":[0,0],"71":[0,0],"72":[0,0],"73":[0,0],"74":[0,0,0],"75":[0,0],"76":[0,0],"77":[0,0],"78":[0,0],"79":[0,0],"80":[1,1]},"_coverageSchema":"1a1c01bbd47fc00a2c39e90264f33305004495a9","hash":"36d69a7cf4426a1b2ad0914598212a222887ad82"}
,"C:\\Users\\Brodie\\Documents\\futureproof\\group projects\\twitter clone\\quacker\\client\\scripts\\dayjs\\plugin\\relativeTime.js": {"path":"C:\\Users\\Brodie\\Documents\\futureproof\\group projects\\twitter clone\\quacker\\client\\scripts\\dayjs\\plugin\\relativeTime.js","statementMap":{"0":{"start":{"line":1,"column":0},"end":{"line":94,"column":4}},"1":{"start":{"line":2,"column":4},"end":{"line":2,"column":239}},"2":{"start":{"line":5,"column":4},"end":{"line":93,"column":5}},"3":{"start":{"line":6,"column":8},"end":{"line":6,"column":20}},"4":{"start":{"line":7,"column":16},"end":{"line":7,"column":27}},"5":{"start":{"line":8,"column":16},"end":{"line":22,"column":13}},"6":{"start":{"line":25,"column":12},"end":{"line":25,"column":43}},"7":{"start":{"line":27,"column":8},"end":{"line":84,"column":10}},"8":{"start":{"line":28,"column":12},"end":{"line":76,"column":13}},"9":{"start":{"line":28,"column":34},"end":{"line":28,"column":63}},"10":{"start":{"line":28,"column":69},"end":{"line":66,"column":18}},"11":{"start":{"line":66,"column":24},"end":{"line":66,"column":32}},"12":{"start":{"line":66,"column":38},"end":{"line":66,"column":39}},"13":{"start":{"line":67,"column":24},"end":{"line":67,"column":28}},"14":{"start":{"line":68,"column":16},"end":{"line":68,"column":76}},"15":{"start":{"line":69,"column":24},"end":{"line":69,"column":63}},"16":{"start":{"line":70,"column":16},"end":{"line":75,"column":17}},"17":{"start":{"line":71,"column":20},"end":{"line":71,"column":54}},"18":{"start":{"line":72,"column":28},"end":{"line":72,"column":34}},"19":{"start":{"line":73,"column":20},"end":{"line":73,"column":106}},"20":{"start":{"line":74,"column":20},"end":{"line":74,"column":25}},"21":{"start":{"line":77,"column":12},"end":{"line":77,"column":28}},"22":{"start":{"line":77,"column":19},"end":{"line":77,"column":28}},"23":{"start":{"line":78,"column":20},"end":{"line":78,"column":41}},"24":{"start":{"line":79,"column":12},"end":{"line":79,"column":69}},"25":{"start":{"line":81,"column":12},"end":{"line":81,"column":36}},"26":{"start":{"line":83,"column":12},"end":{"line":83,"column":32}},"27":{"start":{"line":85,"column":16},"end":{"line":87,"column":9}},"28":{"start":{"line":86,"column":12},"end":{"line":86,"column":39}},"29":{"start":{"line":88,"column":8},"end":{"line":92,"column":9}},"30":{"start":{"line":89,"column":12},"end":{"line":89,"column":38}},"31":{"start":{"line":91,"column":12},"end":{"line":91,"column":40}}},"fnMap":{"0":{"name":"(anonymous_0)","decl":{"start":{"line":1,"column":2},"end":{"line":1,"column":3}},"loc":{"start":{"line":1,"column":18},"end":{"line":3,"column":1}},"line":1},"1":{"name":"(anonymous_1)","decl":{"start":{"line":3,"column":9},"end":{"line":3,"column":10}},"loc":{"start":{"line":3,"column":21},"end":{"line":94,"column":1}},"line":3},"2":{"name":"(anonymous_2)","decl":{"start":{"line":5,"column":11},"end":{"line":5,"column":12}},"loc":{"start":{"line":5,"column":30},"end":{"line":93,"column":5}},"line":5},"3":{"name":"i","decl":{"start":{"line":24,"column":17},"end":{"line":24,"column":18}},"loc":{"start":{"line":24,"column":31},"end":{"line":26,"column":9}},"line":24},"4":{"name":"(anonymous_4)","decl":{"start":{"line":27,"column":46},"end":{"line":27,"column":47}},"loc":{"start":{"line":27,"column":71},"end":{"line":80,"column":9}},"line":27},"5":{"name":"(anonymous_5)","decl":{"start":{"line":80,"column":18},"end":{"line":80,"column":19}},"loc":{"start":{"line":80,"column":34},"end":{"line":82,"column":9}},"line":80},"6":{"name":"(anonymous_6)","decl":{"start":{"line":82,"column":20},"end":{"line":82,"column":21}},"loc":{"start":{"line":82,"column":36},"end":{"line":84,"column":9}},"line":82},"7":{"name":"(anonymous_7)","decl":{"start":{"line":85,"column":16},"end":{"line":85,"column":17}},"loc":{"start":{"line":85,"column":29},"end":{"line":87,"column":9}},"line":85},"8":{"name":"(anonymous_8)","decl":{"start":{"line":88,"column":18},"end":{"line":88,"column":19}},"loc":{"start":{"line":88,"column":31},"end":{"line":90,"column":9}},"line":88},"9":{"name":"(anonymous_9)","decl":{"start":{"line":90,"column":23},"end":{"line":90,"column":24}},"loc":{"start":{"line":90,"column":36},"end":{"line":92,"column":9}},"line":90}},"branchMap":{"0":{"loc":{"start":{"line":2,"column":4},"end":{"line":2,"column":239}},"type":"cond-expr","locations":[{"start":{"line":2,"column":65},"end":{"line":2,"column":85}},{"start":{"line":2,"column":88},"end":{"line":2,"column":239}}],"line":2},"1":{"loc":{"start":{"line":2,"column":4},"end":{"line":2,"column":62}},"type":"binary-expr","locations":[{"start":{"line":2,"column":4},"end":{"line":2,"column":30}},{"start":{"line":2,"column":34},"end":{"line":2,"column":62}}],"line":2},"2":{"loc":{"start":{"line":2,"column":88},"end":{"line":2,"column":239}},"type":"cond-expr","locations":[{"start":{"line":2,"column":132},"end":{"line":2,"column":141}},{"start":{"line":2,"column":144},"end":{"line":2,"column":239}}],"line":2},"3":{"loc":{"start":{"line":2,"column":88},"end":{"line":2,"column":129}},"type":"binary-expr","locations":[{"start":{"line":2,"column":88},"end":{"line":2,"column":115}},{"start":{"line":2,"column":119},"end":{"line":2,"column":129}}],"line":2},"4":{"loc":{"start":{"line":2,"column":149},"end":{"line":2,"column":206}},"type":"cond-expr","locations":[{"start":{"line":2,"column":184},"end":{"line":2,"column":194}},{"start":{"line":2,"column":197},"end":{"line":2,"column":206}}],"line":2},"5":{"loc":{"start":{"line":2,"column":197},"end":{"line":2,"column":206}},"type":"binary-expr","locations":[{"start":{"line":2,"column":197},"end":{"line":2,"column":198}},{"start":{"line":2,"column":202},"end":{"line":2,"column":206}}],"line":2},"6":{"loc":{"start":{"line":6,"column":12},"end":{"line":6,"column":19}},"type":"binary-expr","locations":[{"start":{"line":6,"column":12},"end":{"line":6,"column":13}},{"start":{"line":6,"column":17},"end":{"line":6,"column":19}}],"line":6},"7":{"loc":{"start":{"line":28,"column":34},"end":{"line":28,"column":63}},"type":"binary-expr","locations":[{"start":{"line":28,"column":34},"end":{"line":28,"column":58}},{"start":{"line":28,"column":62},"end":{"line":28,"column":63}}],"line":28},"8":{"loc":{"start":{"line":28,"column":69},"end":{"line":66,"column":18}},"type":"binary-expr","locations":[{"start":{"line":28,"column":69},"end":{"line":28,"column":81}},{"start":{"line":28,"column":85},"end":{"line":66,"column":18}}],"line":28},"9":{"loc":{"start":{"line":68,"column":16},"end":{"line":68,"column":75}},"type":"binary-expr","locations":[{"start":{"line":68,"column":16},"end":{"line":68,"column":19}},{"start":{"line":68,"column":24},"end":{"line":68,"column":74}}],"line":68},"10":{"loc":{"start":{"line":68,"column":28},"end":{"line":68,"column":74}},"type":"cond-expr","locations":[{"start":{"line":68,"column":32},"end":{"line":68,"column":53}},{"start":{"line":68,"column":56},"end":{"line":68,"column":74}}],"line":68},"11":{"loc":{"start":{"line":69,"column":25},"end":{"line":69,"column":49}},"type":"binary-expr","locations":[{"start":{"line":69,"column":25},"end":{"line":69,"column":35}},{"start":{"line":69,"column":39},"end":{"line":69,"column":49}}],"line":69},"12":{"loc":{"start":{"line":70,"column":16},"end":{"line":75,"column":17}},"type":"if","locations":[{"start":{"line":70,"column":16},"end":{"line":75,"column":17}},{"start":{"line":70,"column":16},"end":{"line":75,"column":17}}],"line":70},"13":{"loc":{"start":{"line":70,"column":31},"end":{"line":70,"column":47}},"type":"binary-expr","locations":[{"start":{"line":70,"column":31},"end":{"line":70,"column":39}},{"start":{"line":70,"column":43},"end":{"line":70,"column":47}}],"line":70},"14":{"loc":{"start":{"line":71,"column":20},"end":{"line":71,"column":53}},"type":"binary-expr","locations":[{"start":{"line":71,"column":20},"end":{"line":71,"column":26}},{"start":{"line":71,"column":30},"end":{"line":71,"column":35}},{"start":{"line":71,"column":40},"end":{"line":71,"column":52}}],"line":71},"15":{"loc":{"start":{"line":73,"column":20},"end":{"line":73,"column":40}},"type":"binary-expr","locations":[{"start":{"line":73,"column":20},"end":{"line":73,"column":21}},{"start":{"line":73,"column":26},"end":{"line":73,"column":39}}],"line":73},"16":{"loc":{"start":{"line":73,"column":46},"end":{"line":73,"column":105}},"type":"cond-expr","locations":[{"start":{"line":73,"column":69},"end":{"line":73,"column":87}},{"start":{"line":73,"column":90},"end":{"line":73,"column":105}}],"line":73},"17":{"loc":{"start":{"line":77,"column":12},"end":{"line":77,"column":28}},"type":"if","locations":[{"start":{"line":77,"column":12},"end":{"line":77,"column":28}},{"start":{"line":77,"column":12},"end":{"line":77,"column":28}}],"line":77},"18":{"loc":{"start":{"line":78,"column":20},"end":{"line":78,"column":41}},"type":"cond-expr","locations":[{"start":{"line":78,"column":24},"end":{"line":78,"column":32}},{"start":{"line":78,"column":35},"end":{"line":78,"column":41}}],"line":78},"19":{"loc":{"start":{"line":79,"column":19},"end":{"line":79,"column":69}},"type":"cond-expr","locations":[{"start":{"line":79,"column":44},"end":{"line":79,"column":48}},{"start":{"line":79,"column":51},"end":{"line":79,"column":69}}],"line":79},"20":{"loc":{"start":{"line":86,"column":19},"end":{"line":86,"column":39}},"type":"cond-expr","locations":[{"start":{"line":86,"column":26},"end":{"line":86,"column":33}},{"start":{"line":86,"column":36},"end":{"line":86,"column":39}}],"line":86}},"s":{"0":1,"1":1,"2":1,"3":1,"4":1,"5":1,"6":0,"7":1,"8":0,"9":0,"10":0,"11":0,"12":0,"13":0,"14":0,"15":0,"16":0,"17":0,"18":0,"19":0,"20":0,"21":0,"22":0,"23":0,"24":0,"25":0,"26":0,"27":1,"28":0,"29":1,"30":0,"31":0},"f":{"0":1,"1":1,"2":1,"3":0,"4":0,"5":0,"6":0,"7":0,"8":0,"9":0},"b":{"0":[1,0],"1":[1,1],"2":[0,0],"3":[0,0],"4":[0,0],"5":[0,0],"6":[1,1],"7":[0,0],"8":[0,0],"9":[0,0],"10":[0,0],"11":[0,0],"12":[0,0],"13":[0,0],"14":[0,0,0],"15":[0,0],"16":[0,0],"17":[0,0],"18":[0,0],"19":[0,0],"20":[0,0]},"_coverageSchema":"1a1c01bbd47fc00a2c39e90264f33305004495a9","hash":"410c8b568a0500a4789fd35c5d5dfbfc392813f7"}
,"C:\\Users\\Brodie\\Documents\\futureproof\\group projects\\twitter clone\\quacker\\client\\scripts\\generate-ids\\adjectives.js": {"path":"C:\\Users\\Brodie\\Documents\\futureproof\\group projects\\twitter clone\\quacker\\client\\scripts\\generate-ids\\adjectives.js","statementMap":{"0":{"start":{"line":1,"column":19},"end":{"line":1134,"column":1}},"1":{"start":{"line":1136,"column":0},"end":{"line":1136,"column":28}}},"fnMap":{},"branchMap":{},"s":{"0":2,"1":2},"f":{},"b":{},"_coverageSchema":"1a1c01bbd47fc00a2c39e90264f33305004495a9","hash":"b083aa4fd2b9f0471bbaa526150a8bb889d83162"}
,"C:\\Users\\Brodie\\Documents\\futureproof\\group projects\\twitter clone\\quacker\\client\\scripts\\generate-ids\\animals.js": {"path":"C:\\Users\\Brodie\\Documents\\futureproof\\group projects\\twitter clone\\quacker\\client\\scripts\\generate-ids\\animals.js","statementMap":{"0":{"start":{"line":2,"column":16},"end":{"line":224,"column":1}},"1":{"start":{"line":226,"column":0},"end":{"line":226,"column":25}}},"fnMap":{},"branchMap":{},"s":{"0":2,"1":2},"f":{},"b":{},"_coverageSchema":"1a1c01bbd47fc00a2c39e90264f33305004495a9","hash":"e52e973081f1d13cdca9fe61daba01ed504a8333"}
,"C:\\Users\\Brodie\\Documents\\futureproof\\group projects\\twitter clone\\quacker\\client\\scripts\\generate-ids\\generateCombination.js": {"path":"C:\\Users\\Brodie\\Documents\\futureproof\\group projects\\twitter clone\\quacker\\client\\scripts\\generate-ids\\generateCombination.js","statementMap":{"0":{"start":{"line":1,"column":16},"end":{"line":1,"column":36}},"1":{"start":{"line":2,"column":19},"end":{"line":2,"column":42}},"2":{"start":{"line":4,"column":4},"end":{"line":4,"column":21}},"3":{"start":{"line":5,"column":22},"end":{"line":5,"column":24}},"4":{"start":{"line":6,"column":4},"end":{"line":6,"column":83}},"5":{"start":{"line":6,"column":55},"end":{"line":6,"column":82}},"6":{"start":{"line":7,"column":25},"end":{"line":7,"column":55}},"7":{"start":{"line":8,"column":25},"end":{"line":8,"column":59}},"8":{"start":{"line":9,"column":28},"end":{"line":9,"column":49}},"9":{"start":{"line":10,"column":28},"end":{"line":10,"column":49}},"10":{"start":{"line":12,"column":19},"end":{"line":12,"column":72}},"11":{"start":{"line":14,"column":4},"end":{"line":18,"column":5}},"12":{"start":{"line":14,"column":17},"end":{"line":14,"column":18}},"13":{"start":{"line":15,"column":26},"end":{"line":15,"column":117}},"14":{"start":{"line":17,"column":8},"end":{"line":17,"column":138}},"15":{"start":{"line":20,"column":4},"end":{"line":20,"column":101}},"16":{"start":{"line":21,"column":4},"end":{"line":21,"column":23}},"17":{"start":{"line":23,"column":0},"end":{"line":23,"column":37}}},"fnMap":{"0":{"name":"generateCombination","decl":{"start":{"line":3,"column":9},"end":{"line":3,"column":28}},"loc":{"start":{"line":3,"column":84},"end":{"line":22,"column":1}},"line":3}},"branchMap":{"0":{"loc":{"start":{"line":6,"column":4},"end":{"line":6,"column":83}},"type":"if","locations":[{"start":{"line":6,"column":4},"end":{"line":6,"column":83}},{"start":{"line":6,"column":4},"end":{"line":6,"column":83}}],"line":6},"1":{"loc":{"start":{"line":6,"column":8},"end":{"line":6,"column":52}},"type":"binary-expr","locations":[{"start":{"line":6,"column":8},"end":{"line":6,"column":27}},{"start":{"line":6,"column":31},"end":{"line":6,"column":52}}],"line":6},"2":{"loc":{"start":{"line":17,"column":23},"end":{"line":17,"column":137}},"type":"cond-expr","locations":[{"start":{"line":17,"column":47},"end":{"line":17,"column":113}},{"start":{"line":17,"column":116},"end":{"line":17,"column":137}}],"line":17},"3":{"loc":{"start":{"line":20,"column":19},"end":{"line":20,"column":100}},"type":"cond-expr","locations":[{"start":{"line":20,"column":43},"end":{"line":20,"column":91}},{"start":{"line":20,"column":94},"end":{"line":20,"column":100}}],"line":20}},"s":{"0":2,"1":2,"2":0,"3":0,"4":0,"5":0,"6":0,"7":0,"8":0,"9":0,"10":0,"11":0,"12":0,"13":0,"14":0,"15":0,"16":0,"17":2},"f":{"0":0},"b":{"0":[0,0],"1":[0,0],"2":[0,0],"3":[0,0]},"_coverageSchema":"1a1c01bbd47fc00a2c39e90264f33305004495a9","hash":"c0fa8e605eed644b552b67715e5dddd83e247b83"}
}
