TN:
SF:scripts\newScript.js
FN:24,(anonymous_0)
FN:25,(anonymous_1)
FN:26,(anonymous_2)
FN:27,(anonymous_3)
FN:28,(anonymous_4)
FN:29,(anonymous_5)
FN:30,(anonymous_6)
FN:31,(anonymous_7)
FN:40,createPage
FN:51,getIp
FN:65,changeDuck
FN:70,makeDuckAngry
FN:75,hideGifInput
FN:81,giveSearchInput
FN:86,changeSort
FN:91,changeLogo
FN:96,changeLogoBack
FN:100,getAllPosts
FN:107,displayCharLimit
FN:112,(anonymous_19)
FN:124,addImage
FN:133,mainTextContains
FN:139,commentTextContains
FN:152,sortByReactions
FN:168,isFresh
FN:175,risingFunction
FN:199,generateCard
FN:222,(anonymous_27)
FN:230,(anonymous_28)
FN:241,(anonymous_29)
FN:448,(anonymous_30)
FN:462,addComment
FN:488,(anonymous_32)
FN:491,addReactionCount
FN:502,(anonymous_34)
FN:505,addCommentReactionCount
FN:521,(anonymous_36)
FN:531,previewGif
FN:532,(anonymous_38)
FN:545,(anonymous_39)
FN:546,(anonymous_40)
FN:561,(anonymous_41)
FN:569,init
FN:570,(anonymous_43)
FN:577,(anonymous_44)
FN:578,(anonymous_45)
FN:587,(anonymous_46)
FN:593,removePreview
FN:597,addQuack
FN:674,(anonymous_49)
FN:681,makeCommentsWork
FN:683,(anonymous_51)
FN:691,(anonymous_52)
FN:701,makeReactionsWork
FN:706,(anonymous_54)
FN:712,(anonymous_55)
FN:732,(anonymous_56)
FN:753,toggleHidden
FN:761,makeCommentIconsWork
FN:763,(anonymous_59)
FN:766,(anonymous_60)
FNF:61
FNH:7
FNDA:0,(anonymous_0)
FNDA:0,(anonymous_1)
FNDA:0,(anonymous_2)
FNDA:0,(anonymous_3)
FNDA:0,(anonymous_4)
FNDA:0,(anonymous_5)
FNDA:0,(anonymous_6)
FNDA:0,(anonymous_7)
FNDA:1,createPage
FNDA:0,getIp
FNDA:0,changeDuck
FNDA:0,makeDuckAngry
FNDA:0,hideGifInput
FNDA:0,giveSearchInput
FNDA:0,changeSort
FNDA:0,changeLogo
FNDA:0,changeLogoBack
FNDA:0,getAllPosts
FNDA:1,displayCharLimit
FNDA:0,(anonymous_19)
FNDA:0,addImage
FNDA:0,mainTextContains
FNDA:0,commentTextContains
FNDA:0,sortByReactions
FNDA:0,isFresh
FNDA:0,risingFunction
FNDA:1,generateCard
FNDA:0,(anonymous_27)
FNDA:0,(anonymous_28)
FNDA:0,(anonymous_29)
FNDA:0,(anonymous_30)
FNDA:0,addComment
FNDA:0,(anonymous_32)
FNDA:0,addReactionCount
FNDA:0,(anonymous_34)
FNDA:0,addCommentReactionCount
FNDA:0,(anonymous_36)
FNDA:0,previewGif
FNDA:0,(anonymous_38)
FNDA:0,(anonymous_39)
FNDA:0,(anonymous_40)
FNDA:0,(anonymous_41)
FNDA:1,init
FNDA:0,(anonymous_43)
FNDA:0,(anonymous_44)
FNDA:0,(anonymous_45)
FNDA:0,(anonymous_46)
FNDA:0,removePreview
FNDA:0,addQuack
FNDA:0,(anonymous_49)
FNDA:1,makeCommentsWork
FNDA:0,(anonymous_51)
FNDA:0,(anonymous_52)
FNDA:1,makeReactionsWork
FNDA:0,(anonymous_54)
FNDA:0,(anonymous_55)
FNDA:0,(anonymous_56)
FNDA:0,toggleHidden
FNDA:1,makeCommentIconsWork
FNDA:0,(anonymous_59)
FNDA:0,(anonymous_60)
DA:2,1
DA:3,1
DA:4,1
DA:5,1
DA:6,1
DA:7,1
DA:9,1
DA:10,1
DA:11,1
DA:12,1
DA:13,1
DA:14,1
DA:15,1
DA:16,1
DA:17,1
DA:18,1
DA:19,1
DA:21,1
DA:24,1
DA:25,1
DA:26,1
DA:27,1
DA:28,1
DA:29,1
DA:30,1
DA:31,1
DA:36,1
DA:41,1
DA:42,1
DA:43,1
DA:44,1
DA:45,1
DA:46,1
DA:52,0
DA:53,0
DA:54,0
DA:56,0
DA:59,0
DA:66,0
DA:67,0
DA:71,0
DA:72,0
DA:76,0
DA:77,0
DA:78,0
DA:82,0
DA:83,0
DA:87,0
DA:88,0
DA:92,0
DA:93,0
DA:97,0
DA:101,0
DA:102,0
DA:103,0
DA:108,1
DA:109,1
DA:111,1
DA:112,1
DA:113,0
DA:114,0
DA:115,0
DA:116,0
DA:117,0
DA:119,0
DA:125,0
DA:126,0
DA:127,0
DA:134,0
DA:135,0
DA:136,0
DA:140,0
DA:141,0
DA:142,0
DA:144,0
DA:145,0
DA:146,0
DA:147,0
DA:155,0
DA:156,0
DA:157,0
DA:160,0
DA:161,0
DA:162,0
DA:165,0
DA:169,0
DA:180,0
DA:181,0
DA:182,0
DA:183,0
DA:184,0
DA:185,0
DA:186,0
DA:187,0
DA:188,0
DA:190,0
DA:191,0
DA:193,0
DA:194,0
DA:195,0
DA:200,1
DA:202,0
DA:206,0
DA:207,0
DA:209,0
DA:210,0
DA:216,0
DA:219,0
DA:220,0
DA:221,0
DA:222,0
DA:223,0
DA:229,0
DA:230,0
DA:235,0
DA:236,0
DA:240,0
DA:241,0
DA:244,0
DA:245,0
DA:246,0
DA:249,0
DA:250,0
DA:251,0
DA:252,0
DA:253,0
DA:254,0
DA:255,0
DA:256,0
DA:257,0
DA:258,0
DA:262,0
DA:263,0
DA:264,0
DA:265,0
DA:266,0
DA:267,0
DA:268,0
DA:269,0
DA:270,0
DA:274,0
DA:275,0
DA:276,0
DA:277,0
DA:279,0
DA:280,0
DA:281,0
DA:282,0
DA:283,0
DA:284,0
DA:285,0
DA:286,0
DA:290,0
DA:291,0
DA:292,0
DA:293,0
DA:297,0
DA:298,0
DA:299,0
DA:300,0
DA:306,0
DA:307,0
DA:311,0
DA:312,0
DA:313,0
DA:314,0
DA:315,0
DA:322,0
DA:323,0
DA:324,0
DA:325,0
DA:328,0
DA:329,0
DA:330,0
DA:331,0
DA:334,0
DA:335,0
DA:336,0
DA:337,0
DA:340,0
DA:341,0
DA:342,0
DA:345,0
DA:346,0
DA:347,0
DA:350,0
DA:351,0
DA:352,0
DA:353,0
DA:354,0
DA:355,0
DA:358,0
DA:359,0
DA:360,0
DA:361,0
DA:362,0
DA:363,0
DA:364,0
DA:367,0
DA:368,0
DA:369,0
DA:370,0
DA:371,0
DA:372,0
DA:373,0
DA:374,0
DA:375,0
DA:376,0
DA:377,0
DA:378,0
DA:379,0
DA:380,0
DA:381,0
DA:382,0
DA:383,0
DA:384,0
DA:385,0
DA:386,0
DA:387,0
DA:388,0
DA:389,0
DA:390,0
DA:391,0
DA:393,0
DA:395,0
DA:402,0
DA:403,0
DA:407,0
DA:408,0
DA:412,0
DA:413,0
DA:417,0
DA:418,0
DA:422,0
DA:423,0
DA:424,0
DA:425,0
DA:433,0
DA:434,0
DA:435,0
DA:436,0
DA:437,0
DA:438,0
DA:439,0
DA:441,0
DA:442,0
DA:443,0
DA:448,0
DA:449,0
DA:450,0
DA:451,0
DA:452,0
DA:453,0
DA:454,0
DA:457,0
DA:458,0
DA:463,0
DA:465,0
DA:466,0
DA:468,0
DA:469,0
DA:471,0
DA:474,0
DA:476,0
DA:488,0
DA:492,0
DA:502,0
DA:511,0
DA:521,0
DA:525,1
DA:526,1
DA:529,1
DA:532,0
DA:533,0
DA:534,0
DA:535,0
DA:536,0
DA:537,0
DA:538,0
DA:540,0
DA:541,0
DA:544,0
DA:545,0
DA:547,0
DA:549,0
DA:550,0
DA:551,0
DA:552,0
DA:553,0
DA:554,0
DA:555,0
DA:556,0
DA:557,0
DA:559,0
DA:562,0
DA:567,1
DA:570,1
DA:571,0
DA:572,0
DA:573,0
DA:574,0
DA:576,0
DA:577,0
DA:579,0
DA:580,0
DA:582,0
DA:583,0
DA:584,0
DA:588,0
DA:594,0
DA:598,0
DA:600,0
DA:601,0
DA:603,0
DA:606,0
DA:607,0
DA:608,0
DA:609,0
DA:610,0
DA:611,0
DA:612,0
DA:615,0
DA:617,0
DA:618,0
DA:619,0
DA:621,0
DA:622,0
DA:623,0
DA:624,0
DA:625,0
DA:626,0
DA:627,0
DA:631,0
DA:632,0
DA:634,0
DA:635,0
DA:637,0
DA:638,0
DA:640,0
DA:641,0
DA:644,0
DA:645,0
DA:646,0
DA:647,0
DA:675,0
DA:682,1
DA:683,1
DA:684,0
DA:686,0
DA:687,0
DA:689,0
DA:690,0
DA:691,0
DA:692,0
DA:693,0
DA:694,0
DA:695,0
DA:702,1
DA:703,1
DA:706,1
DA:707,0
DA:708,0
DA:709,0
DA:710,0
DA:713,0
DA:714,0
DA:715,0
DA:716,0
DA:717,0
DA:719,0
DA:720,0
DA:721,0
DA:722,0
DA:723,0
DA:729,0
DA:730,0
DA:733,0
DA:734,0
DA:735,0
DA:736,0
DA:737,0
DA:738,0
DA:740,0
DA:741,0
DA:742,0
DA:743,0
DA:744,0
DA:754,0
DA:755,0
DA:756,0
DA:757,0
DA:758,0
DA:762,1
DA:763,1
DA:764,0
DA:765,0
DA:766,0
DA:767,0
DA:768,0
DA:774,1
LF:400
LH:51
BRDA:114,0,0,0
BRDA:114,0,1,0
BRDA:116,1,0,0
BRDA:116,1,1,0
BRDA:141,2,0,0
BRDA:141,2,1,0
BRDA:146,3,0,0
BRDA:146,3,1,0
BRDA:170,4,0,0
BRDA:170,4,1,0
BRDA:216,5,0,0
BRDA:216,5,1,0
BRDA:229,6,0,0
BRDA:229,6,1,0
BRDA:235,7,0,0
BRDA:235,7,1,0
BRDA:240,8,0,0
BRDA:240,8,1,0
BRDA:367,9,0,0
BRDA:367,9,1,0
BRDA:433,10,0,0
BRDA:433,10,1,0
BRDA:433,11,0,0
BRDA:433,11,1,0
BRDA:468,12,0,0
BRDA:468,12,1,0
BRDA:540,13,0,0
BRDA:540,13,1,0
BRDA:610,14,0,0
BRDA:610,14,1,0
BRDA:624,15,0,0
BRDA:624,15,1,0
BRDA:624,16,0,0
BRDA:624,16,1,0
BRDA:637,17,0,0
BRDA:637,17,1,0
BRDA:640,18,0,0
BRDA:640,18,1,0
BRF:38
BRH:0
end_of_record
TN:
SF:scripts\dayjs\dayjs.js
FN:1,(anonymous_0)
FN:3,(anonymous_1)
FN:26,(anonymous_2)
FN:32,(anonymous_3)
FN:39,t
FN:47,(anonymous_5)
FN:50,(anonymous_6)
FN:64,(anonymous_7)
FN:71,(anonymous_8)
FN:74,(anonymous_9)
FN:84,(anonymous_10)
FN:90,(anonymous_11)
FN:98,(anonymous_12)
FN:99,M
FN:103,(anonymous_14)
FN:104,(anonymous_15)
FN:120,(anonymous_16)
FN:123,(anonymous_17)
FN:125,(anonymous_18)
FN:127,(anonymous_19)
FN:130,(anonymous_20)
FN:132,(anonymous_21)
FN:134,(anonymous_22)
FN:136,(anonymous_23)
FN:138,(anonymous_24)
FN:140,(anonymous_25)
FN:144,(anonymous_26)
FN:148,(anonymous_27)
FN:176,(anonymous_28)
FN:178,(anonymous_29)
FN:188,(anonymous_30)
FN:190,(anonymous_31)
FN:192,(anonymous_32)
FN:196,(anonymous_33)
FN:207,(anonymous_34)
FN:209,(anonymous_35)
FN:220,(anonymous_36)
FN:223,(anonymous_37)
FN:226,(anonymous_38)
FN:256,(anonymous_39)
FN:259,(anonymous_40)
FN:261,(anonymous_41)
FN:268,(anonymous_42)
FN:270,(anonymous_43)
FN:272,(anonymous_44)
FN:277,(anonymous_45)
FN:279,(anonymous_46)
FN:281,(anonymous_47)
FN:283,(anonymous_48)
FN:285,(anonymous_49)
FN:299,(anonymous_50)
FN:300,(anonymous_51)
FN:303,(anonymous_52)
FN:305,(anonymous_53)
FNF:54
FNH:5
FNDA:1,(anonymous_0)
FNDA:1,(anonymous_1)
FNDA:0,(anonymous_2)
FNDA:0,(anonymous_3)
FNDA:0,t
FNDA:0,(anonymous_5)
FNDA:0,(anonymous_6)
FNDA:0,(anonymous_7)
FNDA:0,(anonymous_8)
FNDA:0,(anonymous_9)
FNDA:0,(anonymous_10)
FNDA:0,(anonymous_11)
FNDA:1,(anonymous_12)
FNDA:0,M
FNDA:0,(anonymous_14)
FNDA:0,(anonymous_15)
FNDA:0,(anonymous_16)
FNDA:0,(anonymous_17)
FNDA:0,(anonymous_18)
FNDA:0,(anonymous_19)
FNDA:0,(anonymous_20)
FNDA:0,(anonymous_21)
FNDA:0,(anonymous_22)
FNDA:0,(anonymous_23)
FNDA:0,(anonymous_24)
FNDA:0,(anonymous_25)
FNDA:0,(anonymous_26)
FNDA:0,(anonymous_27)
FNDA:0,(anonymous_28)
FNDA:0,(anonymous_29)
FNDA:0,(anonymous_30)
FNDA:0,(anonymous_31)
FNDA:0,(anonymous_32)
FNDA:0,(anonymous_33)
FNDA:0,(anonymous_34)
FNDA:0,(anonymous_35)
FNDA:0,(anonymous_36)
FNDA:0,(anonymous_37)
FNDA:0,(anonymous_38)
FNDA:0,(anonymous_39)
FNDA:0,(anonymous_40)
FNDA:0,(anonymous_41)
FNDA:0,(anonymous_42)
FNDA:0,(anonymous_43)
FNDA:0,(anonymous_44)
FNDA:0,(anonymous_45)
FNDA:0,(anonymous_46)
FNDA:0,(anonymous_47)
FNDA:0,(anonymous_48)
FNDA:0,(anonymous_49)
FNDA:8,(anonymous_50)
FNDA:0,(anonymous_51)
FNDA:1,(anonymous_52)
FNDA:0,(anonymous_53)
DA:1,1
DA:2,1
DA:5,1
DA:6,1
DA:7,1
DA:8,1
DA:9,1
DA:10,1
DA:11,1
DA:12,1
DA:13,1
DA:14,1
DA:15,1
DA:16,1
DA:17,1
DA:18,1
DA:19,1
DA:20,1
DA:21,1
DA:26,1
DA:27,0
DA:28,0
DA:30,1
DA:33,0
DA:34,0
DA:35,0
DA:36,0
DA:37,0
DA:40,0
DA:41,0
DA:42,0
DA:43,0
DA:44,0
DA:45,0
DA:48,0
DA:51,0
DA:65,0
DA:68,1
DA:69,1
DA:70,1
DA:71,1
DA:72,0
DA:74,1
DA:76,0
DA:77,0
DA:79,0
DA:80,0
DA:82,0
DA:84,1
DA:85,0
DA:86,0
DA:87,0
DA:89,1
DA:90,1
DA:91,0
DA:98,1
DA:100,0
DA:102,1
DA:103,1
DA:104,0
DA:105,0
DA:106,0
DA:107,0
DA:108,0
DA:109,0
DA:110,0
DA:111,0
DA:112,0
DA:113,0
DA:114,0
DA:115,0
DA:118,0
DA:121,0
DA:122,0
DA:124,0
DA:126,0
DA:128,0
DA:129,0
DA:131,0
DA:133,0
DA:135,0
DA:137,0
DA:139,0
DA:141,0
DA:142,0
DA:143,0
DA:144,0
DA:145,0
DA:146,0
DA:148,0
DA:149,0
DA:151,0
DA:152,0
DA:153,0
DA:154,0
DA:155,0
DA:157,0
DA:159,0
DA:161,0
DA:162,0
DA:163,0
DA:166,0
DA:168,0
DA:170,0
DA:172,0
DA:174,0
DA:177,0
DA:179,0
DA:180,0
DA:181,0
DA:182,0
DA:183,0
DA:184,0
DA:185,0
DA:186,0
DA:187,0
DA:189,0
DA:191,0
DA:193,0
DA:194,0
DA:195,0
DA:196,0
DA:197,0
DA:198,0
DA:200,0
DA:201,0
DA:202,0
DA:203,0
DA:204,0
DA:205,0
DA:206,0
DA:208,0
DA:210,0
DA:211,0
DA:212,0
DA:213,0
DA:214,0
DA:215,0
DA:216,0
DA:217,0
DA:218,0
DA:219,0
DA:220,0
DA:221,0
DA:223,0
DA:224,0
DA:226,0
DA:227,0
DA:228,0
DA:230,0
DA:256,0
DA:257,0
DA:260,0
DA:262,0
DA:263,0
DA:264,0
DA:265,0
DA:266,0
DA:267,0
DA:269,0
DA:271,0
DA:273,0
DA:274,0
DA:275,0
DA:276,0
DA:278,0
DA:280,0
DA:282,0
DA:284,0
DA:286,0
DA:289,1
DA:290,1
DA:300,8
DA:301,0
DA:304,1
DA:306,0
LF:176
LH:36
BRDA:2,0,0,1
BRDA:2,0,1,0
BRDA:2,1,0,1
BRDA:2,1,1,1
BRDA:2,2,0,0
BRDA:2,2,1,0
BRDA:2,3,0,0
BRDA:2,3,1,0
BRDA:2,4,0,0
BRDA:2,4,1,0
BRDA:2,5,0,0
BRDA:2,5,1,0
BRDA:28,6,0,0
BRDA:28,6,1,0
BRDA:28,7,0,0
BRDA:28,7,1,0
BRDA:37,8,0,0
BRDA:37,8,1,0
BRDA:40,9,0,0
BRDA:40,9,1,0
BRDA:44,10,0,0
BRDA:44,10,1,0
BRDA:45,11,0,0
BRDA:45,11,1,0
BRDA:45,12,0,0
BRDA:45,12,1,0
BRDA:48,13,0,0
BRDA:48,13,1,0
BRDA:48,14,0,0
BRDA:48,14,1,0
BRDA:51,15,0,0
BRDA:51,15,1,0
BRDA:62,16,0,0
BRDA:62,16,1,0
BRDA:76,17,0,0
BRDA:76,17,1,0
BRDA:77,18,0,0
BRDA:77,18,1,0
BRDA:77,19,0,0
BRDA:77,19,1,0
BRDA:77,20,0,0
BRDA:77,20,1,0
BRDA:82,21,0,0
BRDA:82,21,1,0
BRDA:82,21,2,0
BRDA:82,22,0,0
BRDA:82,22,1,0
BRDA:82,22,2,0
BRDA:85,23,0,0
BRDA:85,23,1,0
BRDA:86,24,0,0
BRDA:86,24,1,0
BRDA:107,25,0,0
BRDA:107,25,1,0
BRDA:108,26,0,0
BRDA:108,26,1,0
BRDA:109,27,0,0
BRDA:109,27,1,0
BRDA:110,28,0,0
BRDA:110,28,1,0
BRDA:110,29,0,0
BRDA:110,29,1,0
BRDA:112,30,0,0
BRDA:112,30,1,0
BRDA:113,31,0,0
BRDA:113,31,1,0
BRDA:114,32,0,0
BRDA:114,32,1,0
BRDA:115,33,0,0
BRDA:115,33,1,0
BRDA:115,34,0,0
BRDA:115,34,1,0
BRDA:115,35,0,0
BRDA:115,35,1,0
BRDA:115,36,0,0
BRDA:115,36,1,0
BRDA:115,37,0,0
BRDA:115,37,1,0
BRDA:115,38,0,0
BRDA:115,38,1,0
BRDA:115,39,0,0
BRDA:115,39,1,0
BRDA:115,40,0,0
BRDA:115,40,1,0
BRDA:115,41,0,0
BRDA:115,41,1,0
BRDA:119,42,0,0
BRDA:119,42,1,0
BRDA:129,43,0,0
BRDA:129,43,1,0
BRDA:135,44,0,0
BRDA:135,44,1,0
BRDA:142,45,0,0
BRDA:142,45,1,0
BRDA:145,46,0,0
BRDA:145,46,1,0
BRDA:146,47,0,0
BRDA:146,47,1,0
BRDA:149,48,0,0
BRDA:149,48,1,0
BRDA:154,49,0,0
BRDA:154,49,1,0
BRDA:155,50,0,0
BRDA:155,50,1,0
BRDA:155,50,2,0
BRDA:155,50,3,0
BRDA:155,50,4,0
BRDA:155,50,5,0
BRDA:155,50,6,0
BRDA:155,50,7,0
BRDA:155,50,8,0
BRDA:157,51,0,0
BRDA:157,51,1,0
BRDA:159,52,0,0
BRDA:159,52,1,0
BRDA:161,53,0,0
BRDA:161,53,1,0
BRDA:162,54,0,0
BRDA:162,54,1,0
BRDA:163,55,0,0
BRDA:163,55,1,0
BRDA:180,56,0,0
BRDA:180,56,1,0
BRDA:182,57,0,0
BRDA:182,57,1,0
BRDA:183,58,0,0
BRDA:183,58,1,0
BRDA:183,59,0,0
BRDA:183,59,1,0
BRDA:186,60,0,0
BRDA:186,60,1,0
BRDA:200,61,0,0
BRDA:200,61,1,0
BRDA:201,62,0,0
BRDA:201,62,1,0
BRDA:202,63,0,0
BRDA:202,63,1,0
BRDA:203,64,0,0
BRDA:203,64,1,0
BRDA:204,65,0,0
BRDA:204,65,1,0
BRDA:212,66,0,0
BRDA:212,66,1,0
BRDA:212,67,0,0
BRDA:212,67,1,0
BRDA:213,68,0,0
BRDA:213,68,1,0
BRDA:221,69,0,0
BRDA:221,69,1,0
BRDA:221,69,2,0
BRDA:221,69,3,0
BRDA:224,70,0,0
BRDA:224,70,1,0
BRDA:226,71,0,0
BRDA:226,71,1,0
BRDA:227,72,0,0
BRDA:227,72,1,0
BRDA:228,73,0,0
BRDA:228,73,1,0
BRDA:257,74,0,0
BRDA:257,74,1,0
BRDA:257,74,2,0
BRDA:267,75,0,0
BRDA:267,75,1,0
BRDA:267,76,0,0
BRDA:267,76,1,0
BRDA:273,77,0,0
BRDA:273,77,1,0
BRDA:276,78,0,0
BRDA:276,78,1,0
BRDA:282,79,0,0
BRDA:282,79,1,0
BRDA:304,80,0,1
BRDA:304,80,1,1
BRF:174
BRH:5
end_of_record
TN:
SF:scripts\dayjs\plugin\relativeTime.js
FN:1,(anonymous_0)
FN:3,(anonymous_1)
FN:5,(anonymous_2)
FN:24,i
FN:27,(anonymous_4)
FN:80,(anonymous_5)
FN:82,(anonymous_6)
FN:85,(anonymous_7)
FN:88,(anonymous_8)
FN:90,(anonymous_9)
FNF:10
FNH:3
FNDA:1,(anonymous_0)
FNDA:1,(anonymous_1)
FNDA:1,(anonymous_2)
FNDA:0,i
FNDA:0,(anonymous_4)
FNDA:0,(anonymous_5)
FNDA:0,(anonymous_6)
FNDA:0,(anonymous_7)
FNDA:0,(anonymous_8)
FNDA:0,(anonymous_9)
DA:1,1
DA:2,1
DA:5,1
DA:6,1
DA:7,1
DA:8,1
DA:25,0
DA:27,1
DA:28,0
DA:66,0
DA:67,0
DA:68,0
DA:69,0
DA:70,0
DA:71,0
DA:72,0
DA:73,0
DA:74,0
DA:77,0
DA:78,0
DA:79,0
DA:81,0
DA:83,0
DA:85,1
DA:86,0
DA:88,1
DA:89,0
DA:91,0
LF:28
LH:9
BRDA:2,0,0,1
BRDA:2,0,1,0
BRDA:2,1,0,1
BRDA:2,1,1,1
BRDA:2,2,0,0
BRDA:2,2,1,0
BRDA:2,3,0,0
BRDA:2,3,1,0
BRDA:2,4,0,0
BRDA:2,4,1,0
BRDA:2,5,0,0
BRDA:2,5,1,0
BRDA:6,6,0,1
BRDA:6,6,1,1
BRDA:28,7,0,0
BRDA:28,7,1,0
BRDA:28,8,0,0
BRDA:28,8,1,0
BRDA:68,9,0,0
BRDA:68,9,1,0
BRDA:68,10,0,0
BRDA:68,10,1,0
BRDA:69,11,0,0
BRDA:69,11,1,0
BRDA:70,12,0,0
BRDA:70,12,1,0
BRDA:70,13,0,0
BRDA:70,13,1,0
BRDA:71,14,0,0
BRDA:71,14,1,0
BRDA:71,14,2,0
BRDA:73,15,0,0
BRDA:73,15,1,0
BRDA:73,16,0,0
BRDA:73,16,1,0
BRDA:77,17,0,0
BRDA:77,17,1,0
BRDA:78,18,0,0
BRDA:78,18,1,0
BRDA:79,19,0,0
BRDA:79,19,1,0
BRDA:86,20,0,0
BRDA:86,20,1,0
BRF:43
BRH:5
end_of_record
TN:
SF:scripts\generate-ids\adjectives.js
FNF:0
FNH:0
DA:1,2
DA:1136,2
LF:2
LH:2
BRF:0
BRH:0
end_of_record
TN:
SF:scripts\generate-ids\animals.js
FNF:0
FNH:0
DA:2,2
DA:226,2
LF:2
LH:2
BRF:0
BRH:0
end_of_record
TN:
SF:scripts\generate-ids\generateCombination.js
FN:3,generateCombination
FNF:1
FNH:0
FNDA:0,generateCombination
DA:1,2
DA:2,2
DA:4,0
DA:5,0
DA:6,0
DA:7,0
DA:8,0
DA:9,0
DA:10,0
DA:12,0
DA:14,0
DA:15,0
DA:17,0
DA:20,0
DA:21,0
DA:23,2
LF:16
LH:3
BRDA:6,0,0,0
BRDA:6,0,1,0
BRDA:6,1,0,0
BRDA:6,1,1,0
BRDA:17,2,0,0
BRDA:17,2,1,0
BRDA:20,3,0,0
BRDA:20,3,1,0
BRF:8
BRH:0
end_of_record
